Using pre-set license
Built from '2021.3/staging' branch; Version is '2021.3.24f1 (cf10dcf7010d) revision 13570268'; Using compiler version '192829333'; Build Type 'Release'
OS: 'Windows 11  (10.0.22621) 64bit Core' Language: 'en' Physical Memory: 16005 MB
BatchMode: 1, IsHumanControllingUs: 0, StartBugReporterOnCrash: 0, Is64bit: 1, IsPro: 1

COMMAND LINE ARGUMENTS:
C:\Program Files\Unity\Hub\Editor\2021.3.24f1\Editor\Unity.exe
-adb2
-batchMode
-noUpm
-name
AssetImportWorker5
-projectPath
C:/Users/mzlaf/Documents/VR/VR Group Project
-logFile
Logs/AssetImportWorker5.log
-srvPort
51539
Successfully changed project path to: C:/Users/mzlaf/Documents/VR/VR Group Project
C:/Users/mzlaf/Documents/VR/VR Group Project
[UnityMemory] Configuration Parameters - Can be set up in boot.config
    "memorysetup-bucket-allocator-granularity=16"
    "memorysetup-bucket-allocator-bucket-count=8"
    "memorysetup-bucket-allocator-block-size=33554432"
    "memorysetup-bucket-allocator-block-count=8"
    "memorysetup-main-allocator-block-size=16777216"
    "memorysetup-thread-allocator-block-size=16777216"
    "memorysetup-gfx-main-allocator-block-size=16777216"
    "memorysetup-gfx-thread-allocator-block-size=16777216"
    "memorysetup-cache-allocator-block-size=4194304"
    "memorysetup-typetree-allocator-block-size=2097152"
    "memorysetup-profiler-bucket-allocator-granularity=16"
    "memorysetup-profiler-bucket-allocator-bucket-count=8"
    "memorysetup-profiler-bucket-allocator-block-size=33554432"
    "memorysetup-profiler-bucket-allocator-block-count=8"
    "memorysetup-profiler-allocator-block-size=16777216"
    "memorysetup-profiler-editor-allocator-block-size=1048576"
    "memorysetup-temp-allocator-size-main=16777216"
    "memorysetup-job-temp-allocator-block-size=2097152"
    "memorysetup-job-temp-allocator-block-size-background=1048576"
    "memorysetup-job-temp-allocator-reduction-small-platforms=262144"
    "memorysetup-temp-allocator-size-background-worker=32768"
    "memorysetup-temp-allocator-size-job-worker=262144"
    "memorysetup-temp-allocator-size-preload-manager=33554432"
    "memorysetup-temp-allocator-size-nav-mesh-worker=65536"
    "memorysetup-temp-allocator-size-audio-worker=65536"
    "memorysetup-temp-allocator-size-cloud-worker=32768"
    "memorysetup-temp-allocator-size-gi-baking-worker=262144"
    "memorysetup-temp-allocator-size-gfx=262144"
Player connection [19308] Host "[IP] 192.168.56.1 [Port] 0 [Flags] 2 [Guid] 3719285895 [EditorId] 3719285895 [Version] 1048832 [Id] WindowsEditor(7,myrbearPC) [Debug] 1 [PackageName] WindowsEditor [ProjectName] Editor" joined multi-casting on [225.0.0.222:54997]...

Player connection [19308] Host "[IP] 192.168.56.1 [Port] 0 [Flags] 2 [Guid] 3719285895 [EditorId] 3719285895 [Version] 1048832 [Id] WindowsEditor(7,myrbearPC) [Debug] 1 [PackageName] WindowsEditor [ProjectName] Editor" joined alternative multi-casting on [225.0.0.222:34997]...

Refreshing native plugins compatible for Editor in 120.89 ms, found 3 plugins.
Preloading 0 native plugins for Editor in 0.00 ms.
Initialize engine version: 2021.3.24f1 (cf10dcf7010d)
[Subsystems] Discovering subsystems at path C:/Program Files/Unity/Hub/Editor/2021.3.24f1/Editor/Data/Resources/UnitySubsystems
[Subsystems] Discovering subsystems at path C:/Users/mzlaf/Documents/VR/VR Group Project/Assets
GfxDevice: creating device client; threaded=0; jobified=0
Direct3D:
    Version:  Direct3D 11.0 [level 11.1]
    Renderer: NVIDIA GeForce RTX 3060 Laptop GPU (ID=0x2520)
    Vendor:   NVIDIA
    VRAM:     6010 MB
    Driver:   31.0.15.4628
Initialize mono
Mono path[0] = 'C:/Program Files/Unity/Hub/Editor/2021.3.24f1/Editor/Data/Managed'
Mono path[1] = 'C:/Program Files/Unity/Hub/Editor/2021.3.24f1/Editor/Data/MonoBleedingEdge/lib/mono/unityjit-win32'
Mono config path = 'C:/Program Files/Unity/Hub/Editor/2021.3.24f1/Editor/Data/MonoBleedingEdge/etc'
Using monoOptions --debugger-agent=transport=dt_socket,embedding=1,server=y,suspend=n,address=127.0.0.1:56416
Begin MonoManager ReloadAssembly
Registering precompiled unity dll's ...
Register platform support module: C:/Program Files/Unity/Hub/Editor/2021.3.24f1/Editor/Data/PlaybackEngines/WebGLSupport/UnityEditor.WebGL.Extensions.dll
Register platform support module: C:/Program Files/Unity/Hub/Editor/2021.3.24f1/Editor/Data/PlaybackEngines/AndroidPlayer/UnityEditor.Android.Extensions.dll
Register platform support module: C:/Program Files/Unity/Hub/Editor/2021.3.24f1/Editor/Data/PlaybackEngines/WindowsStandaloneSupport/UnityEditor.WindowsStandalone.Extensions.dll
Registered in 0.007153 seconds.
Native extension for WindowsStandalone target not found
Native extension for Android target not found
Android Extension - Scanning For ADB Devices 418 ms
Native extension for WebGL target not found
Refreshing native plugins compatible for Editor in 100.82 ms, found 3 plugins.
Preloading 0 native plugins for Editor in 0.00 ms.
Mono: successfully reloaded assembly
- Completed reload, in  1.353 seconds
Domain Reload Profiling:
	ReloadAssembly (1354ms)
		BeginReloadAssembly (113ms)
			ExecutionOrderSort (0ms)
			DisableScriptedObjects (0ms)
			BackupInstance (0ms)
			ReleaseScriptingObjects (0ms)
			CreateAndSetChildDomain (1ms)
		EndReloadAssembly (1100ms)
			LoadAssemblies (111ms)
			RebuildTransferFunctionScriptingTraits (0ms)
			SetupTypeCache (146ms)
			ReleaseScriptCaches (0ms)
			RebuildScriptCaches (53ms)
			SetupLoadedEditorAssemblies (827ms)
				LogAssemblyErrors (0ms)
				InitializePlatformSupportModulesInManaged (522ms)
				SetLoadedEditorAssemblies (0ms)
				RefreshPlugins (101ms)
				BeforeProcessingInitializeOnLoad (2ms)
				ProcessInitializeOnLoadAttributes (134ms)
				ProcessInitializeOnLoadMethodAttributes (68ms)
				AfterProcessingInitializeOnLoad (0ms)
				EditorAssembliesLoaded (0ms)
			ExecutionOrderSort2 (0ms)
			AwakeInstancesAfterBackupRestoration (0ms)
Platform modules already initialized, skipping
Registering precompiled user dll's ...
Registered in 0.006208 seconds.
Begin MonoManager ReloadAssembly
Symbol file LoadedFromMemory doesn't match image C:\Users\mzlaf\Documents\VR\VR Group Project\Library\PackageCache\com.unity.visualscripting@1.8.0\Editor\VisualScripting.Core\Dependencies\YamlDotNet\Unity.VisualScripting.YamlDotNet.dll
Symbol file LoadedFromMemory doesn't match image C:\Users\mzlaf\Documents\VR\VR Group Project\Library\PackageCache\com.unity.visualscripting@1.8.0\Editor\VisualScripting.Core\Dependencies\DotNetZip\Unity.VisualScripting.IonicZip.dll
Native extension for WindowsStandalone target not found
Native extension for Android target not found
Native extension for WebGL target not found
Refreshing native plugins compatible for Editor in 0.64 ms, found 3 plugins.
Preloading 0 native plugins for Editor in 0.00 ms.
System.Exception: Error! Visual Scripting: couldn't find visual scripting package
  at Unity.VisualScripting.PackageVersionUtility.get_version () [0x00025] in C:\Users\mzlaf\Documents\VR\VR Group Project\Library\PackageCache\com.unity.visualscripting@1.8.0\Editor\VisualScripting.Core\Utilities\PackageVersionUtility.cs:22 
  at Unity.VisualScripting.BoltCoreManifest.get_version () [0x00000] in C:\Users\mzlaf\Documents\VR\VR Group Project\Library\PackageCache\com.unity.visualscripting@1.8.0\Editor\VisualScripting.Core\Plugin\BoltCoreManifest.cs:11 
  at Unity.VisualScripting.PluginManifest.get_currentVersion () [0x00000] in C:\Users\mzlaf\Documents\VR\VR Group Project\Library\PackageCache\com.unity.visualscripting@1.8.0\Editor\VisualScripting.Core\Plugins\PluginManifest.cs:33 
  at Unity.VisualScripting.PluginManifest.get_versionMismatch () [0x00000] in C:\Users\mzlaf\Documents\VR\VR Group Project\Library\PackageCache\com.unity.visualscripting@1.8.0\Editor\VisualScripting.Core\Plugins\PluginManifest.cs:48 
  at Unity.VisualScripting.PluginContainer.Initialize () [0x0057d] in C:\Users\mzlaf\Documents\VR\VR Group Project\Library\PackageCache\com.unity.visualscripting@1.8.0\Editor\VisualScripting.Core\Plugins\PluginContainer.cs:208 
  at Unity.VisualScripting.PluginContainer.InitializeOnLoad () [0x00012] in C:\Users\mzlaf\Documents\VR\VR Group Project\Library\PackageCache\com.unity.visualscripting@1.8.0\Editor\VisualScripting.Core\Plugins\PluginContainer.cs:32 
  at Unity.VisualScripting.VSUsageUtility.DoInitializeOnLoadCalls () [0x00044] in C:\Users\mzlaf\Documents\VR\VR Group Project\Library\PackageCache\com.unity.visualscripting@1.8.0\Editor\VisualScripting.Core\Utilities\VSUsageUtility.cs:76 
  at Unity.VisualScripting.VSUsageUtility.set_isVisualScriptingUsed (System.Boolean value) [0x00037] in C:\Users\mzlaf\Documents\VR\VR Group Project\Library\PackageCache\com.unity.visualscripting@1.8.0\Editor\VisualScripting.Core\Utilities\VSUsageUtility.cs:114 
  at Unity.VisualScripting.VSUsageUtility.CheckAndSetIsVisualScriptingUsed () [0x0003f] in C:\Users\mzlaf\Documents\VR\VR Group Project\Library\PackageCache\com.unity.visualscripting@1.8.0\Editor\VisualScripting.Core\Utilities\VSUsageUtility.cs:48 
  at Unity.VisualScripting.VSUsageUtility..cctor () [0x0000d] in C:\Users\mzlaf\Documents\VR\VR Group Project\Library\PackageCache\com.unity.visualscripting@1.8.0\Editor\VisualScripting.Core\Utilities\VSUsageUtility.cs:22 
UnityEngine.StackTraceUtility:ExtractStackTrace ()
UnityEngine.DebugLogHandler:LogFormat (UnityEngine.LogType,UnityEngine.Object,string,object[])
UnityEngine.Logger:Log (UnityEngine.LogType,object)
UnityEngine.Debug:LogError (object)
UnityEditor.EditorAssemblies:ProcessInitializeOnLoadAttributes (System.Type[])

Mono: successfully reloaded assembly
- Completed reload, in  1.900 seconds
Domain Reload Profiling:
	ReloadAssembly (1901ms)
		BeginReloadAssembly (140ms)
			ExecutionOrderSort (0ms)
			DisableScriptedObjects (6ms)
			BackupInstance (0ms)
			ReleaseScriptingObjects (0ms)
			CreateAndSetChildDomain (24ms)
		EndReloadAssembly (1624ms)
			LoadAssemblies (102ms)
			RebuildTransferFunctionScriptingTraits (0ms)
			SetupTypeCache (348ms)
			ReleaseScriptCaches (1ms)
			RebuildScriptCaches (71ms)
			SetupLoadedEditorAssemblies (1023ms)
				LogAssemblyErrors (0ms)
				InitializePlatformSupportModulesInManaged (25ms)
				SetLoadedEditorAssemblies (1ms)
				RefreshPlugins (1ms)
				BeforeProcessingInitializeOnLoad (91ms)
				ProcessInitializeOnLoadAttributes (868ms)
				ProcessInitializeOnLoadMethodAttributes (32ms)
				AfterProcessingInitializeOnLoad (6ms)
				EditorAssembliesLoaded (0ms)
			ExecutionOrderSort2 (0ms)
			AwakeInstancesAfterBackupRestoration (8ms)
Platform modules already initialized, skipping
========================================================================
Worker process is ready to serve import requests
Launched and connected shader compiler UnityShaderCompiler.exe after 0.10 seconds
Refreshing native plugins compatible for Editor in 0.59 ms, found 3 plugins.
Preloading 0 native plugins for Editor in 0.00 ms.
Unloading 3102 Unused Serialized files (Serialized files now loaded: 0)
Unloading 24 unused Assets / (114.8 KB). Loaded Objects now: 3566.
Memory consumption went from 117.8 MB to 117.7 MB.
Total: 14.437600 ms (FindLiveObjects: 0.229200 ms CreateObjectMapping: 0.105900 ms MarkObjects: 13.955600 ms  DeleteObjects: 0.145500 ms)

AssetImportParameters requested are different than current active one (requested -> active):
  custom:video-decoder-ogg-theora: a1e56fd34408186e4bbccfd4996cb3dc -> 
  custom:container-muxer-webm: aa71ff27fc2769a1b78a27578f13a17b -> 
  custom:container-demuxer-webm: 4f35f7cbe854078d1ac9338744f61a02 -> 
  custom:video-encoder-webm-vp8: eb34c28f22e8b96e1ab97ce403110664 -> 
  custom:video-codec-MediaFoundation-h265: 746d11721c4dcdbdad8f713fa42b33f4 -> 
  custom:audio-encoder-webm-vorbis: bf7c407c2cedff20999df2af8eb42d56 -> 
  custom:framework-win-MediaFoundation: 216162199b28c13a410421893ffa2e32 -> 
  custom:container-demuxer-ogg: 62fdf1f143b41e24485cea50d1cbac27 -> 
  custom:video-decoder-webm-vp8: 9c59270c3fd7afecdb556c50c9e8de78 -> 
  custom:audio-decoder-ogg-vorbis: bf7c407c2cedff20999df2af8eb42d56 -> 
========================================================================
Received Import Request.
  Time since last request: 387371.437923 seconds.
  path: Assets/Blockout/Prefabs/Pipes/Tube_Half_8x4x8.prefab
  artifactKey: Guid(ff19c5820d94f1443befd533233abc73) Importer(815301076,1909f56bfc062723c751e8b465ee728b)
Start importing Assets/Blockout/Prefabs/Pipes/Tube_Half_8x4x8.prefab using Guid(ff19c5820d94f1443befd533233abc73) Importer(815301076,1909f56bfc062723c751e8b465ee728b)  -> (artifact id: 'eb880ab93c978cdf8ffd000d6e0667df') in 0.164656 seconds 
========================================================================
Received Import Request.
  Time since last request: 0.000035 seconds.
  path: Assets/Blockout/Prefabs/Blocks Basic/Blocks Corners/Block_Corner_T2_02x1x05.prefab
  artifactKey: Guid(8dba0e8632cf90b4fbdb511e82cc99df) Importer(815301076,1909f56bfc062723c751e8b465ee728b)
Start importing Assets/Blockout/Prefabs/Blocks Basic/Blocks Corners/Block_Corner_T2_02x1x05.prefab using Guid(8dba0e8632cf90b4fbdb511e82cc99df) Importer(815301076,1909f56bfc062723c751e8b465ee728b)  -> (artifact id: '0c71edb4077367a73a9a47243ee7f2b8') in 0.050132 seconds 
========================================================================
Received Import Request.
  Time since last request: 0.000027 seconds.
  path: Assets/Blockout/Prefabs/Blocks Basic/Blocks Pillars/Block_Pillar_T3_1x1x1.prefab
  artifactKey: Guid(c37d1dfa46166b84db2e817486ea79e8) Importer(815301076,1909f56bfc062723c751e8b465ee728b)
Start importing Assets/Blockout/Prefabs/Blocks Basic/Blocks Pillars/Block_Pillar_T3_1x1x1.prefab using Guid(c37d1dfa46166b84db2e817486ea79e8) Importer(815301076,1909f56bfc062723c751e8b465ee728b)  -> (artifact id: '9956de1f5875b3fdfc5ba9e0c4d3e900') in 0.032659 seconds 
========================================================================
Received Import Request.
  Time since last request: 0.000052 seconds.
  path: Assets/Blockout/Prefabs/Blocks Basic/Blocks Corners/Block_Corner_T5_1x1x1.prefab
  artifactKey: Guid(5c78d154702642742870286cf8d47435) Importer(815301076,1909f56bfc062723c751e8b465ee728b)
Start importing Assets/Blockout/Prefabs/Blocks Basic/Blocks Corners/Block_Corner_T5_1x1x1.prefab using Guid(5c78d154702642742870286cf8d47435) Importer(815301076,1909f56bfc062723c751e8b465ee728b)  -> (artifact id: 'b9180d0aa6263246e495332a4f8424c6') in 0.031160 seconds 
========================================================================
Received Import Request.
  Time since last request: 0.000035 seconds.
  path: Assets/Blockout/Prefabs/Dynamic/Wires_Haging_Large_5_Alt_1.prefab
  artifactKey: Guid(c2f82920fcde24441a93870912e6d146) Importer(815301076,1909f56bfc062723c751e8b465ee728b)
Start importing Assets/Blockout/Prefabs/Dynamic/Wires_Haging_Large_5_Alt_1.prefab using Guid(c2f82920fcde24441a93870912e6d146) Importer(815301076,1909f56bfc062723c751e8b465ee728b)  -> (artifact id: 'ec15efc59b8b8fb47348f16d07857798') in 0.032176 seconds 
========================================================================
Received Import Request.
  Time since last request: 0.000036 seconds.
  path: Assets/Blockout/Prefabs/Blocks Basic/Blocks_Bent/Block_Bend_Alt1_05x4x05.prefab
  artifactKey: Guid(a388c45ccaca9e34fadd04d68ac405ac) Importer(815301076,1909f56bfc062723c751e8b465ee728b)
Start importing Assets/Blockout/Prefabs/Blocks Basic/Blocks_Bent/Block_Bend_Alt1_05x4x05.prefab using Guid(a388c45ccaca9e34fadd04d68ac405ac) Importer(815301076,1909f56bfc062723c751e8b465ee728b)  -> (artifact id: 'dfd81402e5d7b03e40e6ed862e7557b5') in 0.038428 seconds 
========================================================================
Received Import Request.
  Time since last request: 0.000056 seconds.
  path: Assets/Blockout/Prefabs/Walls/Walls Bend/Wall_Bend_025x1x3.prefab
  artifactKey: Guid(26bf846e2ef881f40bed32681df9504e) Importer(815301076,1909f56bfc062723c751e8b465ee728b)
Start importing Assets/Blockout/Prefabs/Walls/Walls Bend/Wall_Bend_025x1x3.prefab using Guid(26bf846e2ef881f40bed32681df9504e) Importer(815301076,1909f56bfc062723c751e8b465ee728b)  -> (artifact id: '42826894881897b1fcd16f3459bcf92a') in 0.059670 seconds 
========================================================================
Received Import Request.
  Time since last request: 0.000030 seconds.
  path: Assets/Blockout/Resources/Blockout/Pins/Pin_6_Cylinder.prefab
  artifactKey: Guid(0127b570c9eae114897ad9c0f7612a11) Importer(815301076,1909f56bfc062723c751e8b465ee728b)
Start importing Assets/Blockout/Resources/Blockout/Pins/Pin_6_Cylinder.prefab using Guid(0127b570c9eae114897ad9c0f7612a11) Importer(815301076,1909f56bfc062723c751e8b465ee728b)  -> (artifact id: '74301c7dae253a4ce3b47062b7558621') in 0.222526 seconds 
========================================================================
Received Import Request.
  Time since last request: 0.000032 seconds.
  path: Assets/Blockout/Prefabs/Dynamic/Fence_Basic_1_Destroyed_3.prefab
  artifactKey: Guid(e3696f9bbf3525f438d5ac116093cc9f) Importer(815301076,1909f56bfc062723c751e8b465ee728b)
Start importing Assets/Blockout/Prefabs/Dynamic/Fence_Basic_1_Destroyed_3.prefab using Guid(e3696f9bbf3525f438d5ac116093cc9f) Importer(815301076,1909f56bfc062723c751e8b465ee728b)  -> (artifact id: '2a2c4ba187c1b3a9854db3cb57672967') in 0.223862 seconds 
========================================================================
Received Import Request.
  Time since last request: 0.000045 seconds.
  path: Assets/Blockout/Prefabs/Stairs & Slopes/Stairs_Small_1x025x1.prefab
  artifactKey: Guid(ef18eedd7874dea419fdd2d4dbf34725) Importer(815301076,1909f56bfc062723c751e8b465ee728b)
Start importing Assets/Blockout/Prefabs/Stairs & Slopes/Stairs_Small_1x025x1.prefab using Guid(ef18eedd7874dea419fdd2d4dbf34725) Importer(815301076,1909f56bfc062723c751e8b465ee728b)  -> (artifact id: '4a3436646adff2a67f93b3972889358a') in 0.066427 seconds 
========================================================================
Received Import Request.
  Time since last request: 0.000058 seconds.
  path: Assets/Blockout/Prefabs/Floor/Blocks Floor Slope/Block_Slope_Corner_Inverse_1x05x1.prefab
  artifactKey: Guid(46c6357a72b0dc449b6a04fc4730eb01) Importer(815301076,1909f56bfc062723c751e8b465ee728b)
Start importing Assets/Blockout/Prefabs/Floor/Blocks Floor Slope/Block_Slope_Corner_Inverse_1x05x1.prefab using Guid(46c6357a72b0dc449b6a04fc4730eb01) Importer(815301076,1909f56bfc062723c751e8b465ee728b)  -> (artifact id: 'e3831720c7e772b7d2a42891d6fc79b1') in 0.072507 seconds 
========================================================================
Received Import Request.
  Time since last request: 0.000040 seconds.
  path: Assets/Blockout/Prefabs/Foliage/Tree_5.prefab
  artifactKey: Guid(393f05dc748479549b33d4bd28ca79a2) Importer(815301076,1909f56bfc062723c751e8b465ee728b)
Start importing Assets/Blockout/Prefabs/Foliage/Tree_5.prefab using Guid(393f05dc748479549b33d4bd28ca79a2) Importer(815301076,1909f56bfc062723c751e8b465ee728b)  -> (artifact id: 'b787afacffd8959c6dd68c2e8f47dd1a') in 0.098260 seconds 
========================================================================
Received Import Request.
  Time since last request: 0.000048 seconds.
  path: Assets/Blockout/Prefabs/Blocks Basic/Blocks Corners/Block_Corner_T1_1x2x1.prefab
  artifactKey: Guid(2daa4f4f858f7cd4db2d35d70cddbbda) Importer(815301076,1909f56bfc062723c751e8b465ee728b)
Start importing Assets/Blockout/Prefabs/Blocks Basic/Blocks Corners/Block_Corner_T1_1x2x1.prefab using Guid(2daa4f4f858f7cd4db2d35d70cddbbda) Importer(815301076,1909f56bfc062723c751e8b465ee728b)  -> (artifact id: 'ddc36a48333cbfa1b7f409d1d7eaec24') in 0.067828 seconds 
========================================================================
Received Import Request.
  Time since last request: 0.000060 seconds.
  path: Assets/Blockout/Prefabs/Floor/Floors_Cracked/Floor_Floating_T1_5x-025x5.prefab
  artifactKey: Guid(e0485b359c7fa8b4288c11fa94062779) Importer(815301076,1909f56bfc062723c751e8b465ee728b)
Start importing Assets/Blockout/Prefabs/Floor/Floors_Cracked/Floor_Floating_T1_5x-025x5.prefab using Guid(e0485b359c7fa8b4288c11fa94062779) Importer(815301076,1909f56bfc062723c751e8b465ee728b)  -> (artifact id: 'c441a1812d326f4b2e35276ae6e0ad10') in 0.185086 seconds 
========================================================================
Received Import Request.
  Time since last request: 0.000041 seconds.
  path: Assets/Blockout/Prefabs/Blocks Basic/Blocks Pillars/Block_Wall_Pillar_T3_1x4x1.prefab
  artifactKey: Guid(d4e4f0b140d7d464d97215b94542e209) Importer(815301076,1909f56bfc062723c751e8b465ee728b)
Start importing Assets/Blockout/Prefabs/Blocks Basic/Blocks Pillars/Block_Wall_Pillar_T3_1x4x1.prefab using Guid(d4e4f0b140d7d464d97215b94542e209) Importer(815301076,1909f56bfc062723c751e8b465ee728b)  -> (artifact id: '4b90c3e75e731e09b8078a88cd12637c') in 0.142740 seconds 
========================================================================
Received Import Request.
  Time since last request: 0.000027 seconds.
  path: Assets/Blockout/Prefabs/Particles/Fire_Ground_3x3.prefab
  artifactKey: Guid(2c8432ff2a5574d4eab44f4c5688335a) Importer(815301076,1909f56bfc062723c751e8b465ee728b)
Start importing Assets/Blockout/Prefabs/Particles/Fire_Ground_3x3.prefab using Guid(2c8432ff2a5574d4eab44f4c5688335a) Importer(815301076,1909f56bfc062723c751e8b465ee728b)  -> (artifact id: '2e99e518a1c46ca7782bcb17a5bc33d8') in 0.154552 seconds 
========================================================================
Received Import Request.
  Time since last request: 0.000036 seconds.
  path: Assets/Blockout/Prefabs/Blocks Basic/Block_Pillar_T1_1x025x1.prefab
  artifactKey: Guid(89321eacfe7ed9a46aea87044a76df37) Importer(815301076,1909f56bfc062723c751e8b465ee728b)
Start importing Assets/Blockout/Prefabs/Blocks Basic/Block_Pillar_T1_1x025x1.prefab using Guid(89321eacfe7ed9a46aea87044a76df37) Importer(815301076,1909f56bfc062723c751e8b465ee728b)  -> (artifact id: '3214b5716926d1cca68d6445b7e13dba') in 0.099651 seconds 
========================================================================
Received Import Request.
  Time since last request: 0.000023 seconds.
  path: Assets/Blockout/Prefabs/Rocks/Rock_Walkable_Med_5.prefab
  artifactKey: Guid(d7a45af8335c77c4283e5eda2926617e) Importer(815301076,1909f56bfc062723c751e8b465ee728b)
Start importing Assets/Blockout/Prefabs/Rocks/Rock_Walkable_Med_5.prefab using Guid(d7a45af8335c77c4283e5eda2926617e) Importer(815301076,1909f56bfc062723c751e8b465ee728b)  -> (artifact id: '8e2556dcf2e77ae1996bc1abe9c17d92') in 0.032241 seconds 
========================================================================
Received Import Request.
  Time since last request: 0.000031 seconds.
  path: Assets/Blockout/Prefabs/Abstract/Abstract_Antena_2.prefab
  artifactKey: Guid(76d9123251be29543854b513d55bed5d) Importer(815301076,1909f56bfc062723c751e8b465ee728b)
Start importing Assets/Blockout/Prefabs/Abstract/Abstract_Antena_2.prefab using Guid(76d9123251be29543854b513d55bed5d) Importer(815301076,1909f56bfc062723c751e8b465ee728b)  -> (artifact id: '1cb924a500b158909dde35a86105cb8e') in 0.058152 seconds 
========================================================================
Received Import Request.
  Time since last request: 0.000032 seconds.
  path: Assets/Blockout/Prefabs/Blocks Basic/Blocks Corners/Block_Corner_T3_05x2x05.prefab
  artifactKey: Guid(9d49462b1dbc44a4b8a140d32b0048c5) Importer(815301076,1909f56bfc062723c751e8b465ee728b)
Start importing Assets/Blockout/Prefabs/Blocks Basic/Blocks Corners/Block_Corner_T3_05x2x05.prefab using Guid(9d49462b1dbc44a4b8a140d32b0048c5) Importer(815301076,1909f56bfc062723c751e8b465ee728b)  -> (artifact id: '39d49df788f4d0c57f4092eee991003c') in 0.085659 seconds 
========================================================================
Received Import Request.
  Time since last request: 0.000079 seconds.
  path: Assets/Blockout/Prefabs/Abstract/Abstarct_Gate_2.prefab
  artifactKey: Guid(0012e0e78b8abb14f920d8cf5a8722a1) Importer(815301076,1909f56bfc062723c751e8b465ee728b)
Start importing Assets/Blockout/Prefabs/Abstract/Abstarct_Gate_2.prefab using Guid(0012e0e78b8abb14f920d8cf5a8722a1) Importer(815301076,1909f56bfc062723c751e8b465ee728b)  -> (artifact id: '7d8380ad5df2eac7a70a8d16d1fc1d8d') in 0.130293 seconds 
========================================================================
Received Import Request.
  Time since last request: 0.000057 seconds.
  path: Assets/Blockout/Prefabs/Blocks Basic/Block_05x5x5.prefab
  artifactKey: Guid(a7456ad12cb37da4992466f43e76d657) Importer(815301076,1909f56bfc062723c751e8b465ee728b)
Start importing Assets/Blockout/Prefabs/Blocks Basic/Block_05x5x5.prefab using Guid(a7456ad12cb37da4992466f43e76d657) Importer(815301076,1909f56bfc062723c751e8b465ee728b)  -> (artifact id: '2f7d42821179b5a511f51b729fe39006') in 0.031166 seconds 
========================================================================
Received Import Request.
  Time since last request: 0.000025 seconds.
  path: Assets/Blockout/Prefabs/Blocks Basic/Blocks_Bent/Block_Bend_05x2x05.prefab
  artifactKey: Guid(364f46eba6df2c542990a4022c0c3c68) Importer(815301076,1909f56bfc062723c751e8b465ee728b)
Start importing Assets/Blockout/Prefabs/Blocks Basic/Blocks_Bent/Block_Bend_05x2x05.prefab using Guid(364f46eba6df2c542990a4022c0c3c68) Importer(815301076,1909f56bfc062723c751e8b465ee728b)  -> (artifact id: '4a0f5aa5b1549ddc074632095807bf40') in 0.158534 seconds 
========================================================================
Received Import Request.
  Time since last request: 0.000023 seconds.
  path: Assets/Blockout/Prefabs/Floor/Floor_2x-025x2.prefab
  artifactKey: Guid(062cfb85433b38247a9c0e885ff56553) Importer(815301076,1909f56bfc062723c751e8b465ee728b)
Start importing Assets/Blockout/Prefabs/Floor/Floor_2x-025x2.prefab using Guid(062cfb85433b38247a9c0e885ff56553) Importer(815301076,1909f56bfc062723c751e8b465ee728b)  -> (artifact id: 'e835c386df9c50f7c9e6e60aa97bef2a') in 0.038838 seconds 
========================================================================
Received Import Request.
  Time since last request: 0.000050 seconds.
  path: Assets/Blockout/Prefabs/Blocks Basic/Blocks Caps/Block_Wall_Pillar_Cap_T4_1x05x1.prefab
  artifactKey: Guid(b638914a664040a46a17eb4892394735) Importer(815301076,1909f56bfc062723c751e8b465ee728b)
Start importing Assets/Blockout/Prefabs/Blocks Basic/Blocks Caps/Block_Wall_Pillar_Cap_T4_1x05x1.prefab using Guid(b638914a664040a46a17eb4892394735) Importer(815301076,1909f56bfc062723c751e8b465ee728b)  -> (artifact id: 'ad9695c3a2bba4ef56798e4d60f43555') in 0.116329 seconds 
========================================================================
Received Import Request.
  Time since last request: 0.000068 seconds.
  path: Assets/Blockout/Prefabs/Floor/Blocks Floor Slope/Block_Slope_T1_3x05x05.prefab
  artifactKey: Guid(5334476c2eeba2448a4b24298c046b93) Importer(815301076,1909f56bfc062723c751e8b465ee728b)
Start importing Assets/Blockout/Prefabs/Floor/Blocks Floor Slope/Block_Slope_T1_3x05x05.prefab using Guid(5334476c2eeba2448a4b24298c046b93) Importer(815301076,1909f56bfc062723c751e8b465ee728b)  -> (artifact id: '25d18df7f6d1084c3fa0a2d433b7c8eb') in 0.126546 seconds 
========================================================================
Received Import Request.
  Time since last request: 0.000023 seconds.
  path: Assets/Blockout/Prefabs/Stairs & Slopes/Stairs_Open_2x2x4.prefab
  artifactKey: Guid(da5682bb4b7dac04b98e813ec28e08d7) Importer(815301076,1909f56bfc062723c751e8b465ee728b)
Start importing Assets/Blockout/Prefabs/Stairs & Slopes/Stairs_Open_2x2x4.prefab using Guid(da5682bb4b7dac04b98e813ec28e08d7) Importer(815301076,1909f56bfc062723c751e8b465ee728b)  -> (artifact id: '08ffc7fb47e6c67388baccf1872efcec') in 0.106330 seconds 
========================================================================
Received Import Request.
  Time since last request: 0.000025 seconds.
  path: Assets/Blockout/Prefabs/Floor/Floors_Cracked/Floor_Hole_5x-025x4.prefab
  artifactKey: Guid(426d9733caede4c4b8be349af54176d9) Importer(815301076,1909f56bfc062723c751e8b465ee728b)
Start importing Assets/Blockout/Prefabs/Floor/Floors_Cracked/Floor_Hole_5x-025x4.prefab using Guid(426d9733caede4c4b8be349af54176d9) Importer(815301076,1909f56bfc062723c751e8b465ee728b)  -> (artifact id: '6ed729e42691206d0e683d764b225d6e') in 0.148411 seconds 
========================================================================
Received Import Request.
  Time since last request: 0.000037 seconds.
  path: Assets/Blockout/Prefabs/Floor/Floors_Cracked/Floor_Hole_T1_1x-025x1.prefab
  artifactKey: Guid(4bd04fd3570fead4aa3625aa0e89d645) Importer(815301076,1909f56bfc062723c751e8b465ee728b)
Start importing Assets/Blockout/Prefabs/Floor/Floors_Cracked/Floor_Hole_T1_1x-025x1.prefab using Guid(4bd04fd3570fead4aa3625aa0e89d645) Importer(815301076,1909f56bfc062723c751e8b465ee728b)  -> (artifact id: '89bd30d9c6095472b5359d85d7a4fbee') in 0.032331 seconds 
========================================================================
Received Import Request.
  Time since last request: 0.000022 seconds.
  path: Assets/Blockout/Prefabs/Pipes/Pipe_Thick_Bend_2x1x2.prefab
  artifactKey: Guid(84ff94d7efbe62d49a0f8e5332768157) Importer(815301076,1909f56bfc062723c751e8b465ee728b)
Start importing Assets/Blockout/Prefabs/Pipes/Pipe_Thick_Bend_2x1x2.prefab using Guid(84ff94d7efbe62d49a0f8e5332768157) Importer(815301076,1909f56bfc062723c751e8b465ee728b)  -> (artifact id: '479dc3e8a25daf7209778a48c82dd51e') in 0.123068 seconds 
========================================================================
Received Import Request.
  Time since last request: 0.000035 seconds.
  path: Assets/Blockout/Prefabs/Blocks Basic/Blocks Alt/Block_Wall_Inner_Circle_05x2x2.prefab
  artifactKey: Guid(9a56348038a232242afe080f8f8f7d96) Importer(815301076,1909f56bfc062723c751e8b465ee728b)
Start importing Assets/Blockout/Prefabs/Blocks Basic/Blocks Alt/Block_Wall_Inner_Circle_05x2x2.prefab using Guid(9a56348038a232242afe080f8f8f7d96) Importer(815301076,1909f56bfc062723c751e8b465ee728b)  -> (artifact id: '250f52d9a2fd7900a51aeca48e221a91') in 0.039467 seconds 
========================================================================
Received Import Request.
  Time since last request: 0.000032 seconds.
  path: Assets/Blockout/Prefabs/Floor/Floor_Bend_Outer_4x-025x4.prefab
  artifactKey: Guid(b69d7a11dc8fe254ca03c95f3e1030b5) Importer(815301076,1909f56bfc062723c751e8b465ee728b)
Start importing Assets/Blockout/Prefabs/Floor/Floor_Bend_Outer_4x-025x4.prefab using Guid(b69d7a11dc8fe254ca03c95f3e1030b5) Importer(815301076,1909f56bfc062723c751e8b465ee728b)  -> (artifact id: '7b119205a92aa89667c4a30aa1e1a8e6') in 0.130307 seconds 
========================================================================
Received Import Request.
  Time since last request: 0.000052 seconds.
  path: Assets/Blockout/Prefabs/Rocks/Rock_Walkable_Large_3.prefab
  artifactKey: Guid(75424c1dabbd60745a0111589344298f) Importer(815301076,1909f56bfc062723c751e8b465ee728b)
Start importing Assets/Blockout/Prefabs/Rocks/Rock_Walkable_Large_3.prefab using Guid(75424c1dabbd60745a0111589344298f) Importer(815301076,1909f56bfc062723c751e8b465ee728b)  -> (artifact id: 'f0a0407326b846926ed829f98012ff37') in 0.034735 seconds 
========================================================================
Received Import Request.
  Time since last request: 0.000021 seconds.
  path: Assets/Blockout/Prefabs/Blocks Basic/Block_05x3x1.prefab
  artifactKey: Guid(8ac47160aba1eb14b968b7ab547eab89) Importer(815301076,1909f56bfc062723c751e8b465ee728b)
Start importing Assets/Blockout/Prefabs/Blocks Basic/Block_05x3x1.prefab using Guid(8ac47160aba1eb14b968b7ab547eab89) Importer(815301076,1909f56bfc062723c751e8b465ee728b)  -> (artifact id: '7b394fc3440f9e86710b468c81243b7a') in 0.123090 seconds 
========================================================================
Received Import Request.
  Time since last request: 0.000028 seconds.
  path: Assets/Blockout/Prefabs/Blocks Basic/Blocks Caps/Block_Cap_Ramp_T1_1x05x1.prefab
  artifactKey: Guid(62cb5013bff451545bca80d76f2cef6e) Importer(815301076,1909f56bfc062723c751e8b465ee728b)
Start importing Assets/Blockout/Prefabs/Blocks Basic/Blocks Caps/Block_Cap_Ramp_T1_1x05x1.prefab using Guid(62cb5013bff451545bca80d76f2cef6e) Importer(815301076,1909f56bfc062723c751e8b465ee728b)  -> (artifact id: '366f00c029ce40a2d74bc1faf28de93c') in 0.020878 seconds 
========================================================================
Received Import Request.
  Time since last request: 0.000020 seconds.
  path: Assets/Blockout/Prefabs/Blocks Basic/Blocks Pillars/Block_Wall_Pillar_T4_1x5x1.prefab
  artifactKey: Guid(e92e2f37a502c364c9dbf738225df383) Importer(815301076,1909f56bfc062723c751e8b465ee728b)
Start importing Assets/Blockout/Prefabs/Blocks Basic/Blocks Pillars/Block_Wall_Pillar_T4_1x5x1.prefab using Guid(e92e2f37a502c364c9dbf738225df383) Importer(815301076,1909f56bfc062723c751e8b465ee728b)  -> (artifact id: '91129871d8fbd52f67bb091c46b592ae') in 0.035684 seconds 
========================================================================
Received Import Request.
  Time since last request: 0.000024 seconds.
  path: Assets/Blockout/Prefabs/Blocks Basic/Blocks Alt/Block_Wall_Inner_Circle_05x1x1.prefab
  artifactKey: Guid(c0716f95da616b04f9e83467492bf247) Importer(815301076,1909f56bfc062723c751e8b465ee728b)
Start importing Assets/Blockout/Prefabs/Blocks Basic/Blocks Alt/Block_Wall_Inner_Circle_05x1x1.prefab using Guid(c0716f95da616b04f9e83467492bf247) Importer(815301076,1909f56bfc062723c751e8b465ee728b)  -> (artifact id: 'd5e0d647d5ad754594a9d5644c259a53') in 0.116232 seconds 
========================================================================
Received Import Request.
  Time since last request: 0.000095 seconds.
  path: Assets/Blockout/Prefabs/Blocks Basic/Blocks Pillars/Block_Wall_Pillar_T3_1x5x1.prefab
  artifactKey: Guid(e0e03866837b007458271a9373e8b41c) Importer(815301076,1909f56bfc062723c751e8b465ee728b)
Start importing Assets/Blockout/Prefabs/Blocks Basic/Blocks Pillars/Block_Wall_Pillar_T3_1x5x1.prefab using Guid(e0e03866837b007458271a9373e8b41c) Importer(815301076,1909f56bfc062723c751e8b465ee728b)  -> (artifact id: 'b21a6cde7f12541d835cf26246f2c849') in 0.117280 seconds 
========================================================================
Received Import Request.
  Time since last request: 0.000020 seconds.
  path: Assets/Blockout/Prefabs/Blocks Basic/Blocks Corner Inner/Block_Inner_Corner_T3_1x2x1.prefab
  artifactKey: Guid(07c548d382cabb84cbfa4337bf618b96) Importer(815301076,1909f56bfc062723c751e8b465ee728b)
Start importing Assets/Blockout/Prefabs/Blocks Basic/Blocks Corner Inner/Block_Inner_Corner_T3_1x2x1.prefab using Guid(07c548d382cabb84cbfa4337bf618b96) Importer(815301076,1909f56bfc062723c751e8b465ee728b)  -> (artifact id: '9b27f120cc48a48010862ecca7c898d0') in 0.040092 seconds 
========================================================================
Received Import Request.
  Time since last request: 0.000023 seconds.
  path: Assets/Blockout/Prefabs/Floor/Floors_Cracked/Floor_Cracked_T6_1x-025x1.prefab
  artifactKey: Guid(41a5cd21841995f47bbd05349f465dd6) Importer(815301076,1909f56bfc062723c751e8b465ee728b)
Start importing Assets/Blockout/Prefabs/Floor/Floors_Cracked/Floor_Cracked_T6_1x-025x1.prefab using Guid(41a5cd21841995f47bbd05349f465dd6) Importer(815301076,1909f56bfc062723c751e8b465ee728b)  -> (artifact id: '84d5eb1185bfa5717091deac91ab3ae0') in 0.096024 seconds 
========================================================================
Received Import Request.
  Time since last request: 0.000038 seconds.
  path: Assets/Blockout/Prefabs/Blocks Basic/Block_5x5x5.prefab
  artifactKey: Guid(ee04cb5e72bac934f95d247853199b6a) Importer(815301076,1909f56bfc062723c751e8b465ee728b)
Start importing Assets/Blockout/Prefabs/Blocks Basic/Block_5x5x5.prefab using Guid(ee04cb5e72bac934f95d247853199b6a) Importer(815301076,1909f56bfc062723c751e8b465ee728b)  -> (artifact id: 'bc8d84eb78858034d7633bb7f36915c3') in 0.034592 seconds 
========================================================================
Received Import Request.
  Time since last request: 0.000032 seconds.
  path: Assets/Blockout/Prefabs/Blocks Basic/Block_Wall_Pillar_T1_1x025x1.prefab
  artifactKey: Guid(6f4f17a963192674a9ed783873579a25) Importer(815301076,1909f56bfc062723c751e8b465ee728b)
Start importing Assets/Blockout/Prefabs/Blocks Basic/Block_Wall_Pillar_T1_1x025x1.prefab using Guid(6f4f17a963192674a9ed783873579a25) Importer(815301076,1909f56bfc062723c751e8b465ee728b)  -> (artifact id: 'c0241ef2d26f0c55476cd20cd50174ed') in 0.081717 seconds 
========================================================================
Received Import Request.
  Time since last request: 0.000022 seconds.
  path: Assets/Blockout/Prefabs/Floor/Floor_Corner_1x-025x1.prefab
  artifactKey: Guid(9644b1f566270c947be8c31857841a6e) Importer(815301076,1909f56bfc062723c751e8b465ee728b)
Start importing Assets/Blockout/Prefabs/Floor/Floor_Corner_1x-025x1.prefab using Guid(9644b1f566270c947be8c31857841a6e) Importer(815301076,1909f56bfc062723c751e8b465ee728b)  -> (artifact id: 'aba7e47628b3790f3eba263c48ab5536') in 0.037253 seconds 
========================================================================
Received Import Request.
  Time since last request: 0.000022 seconds.
  path: Assets/Blockout/Prefabs/Walls/Walls Destroyed/Wall_Side_Destroyed_T3_025x1x1 1.prefab
  artifactKey: Guid(690e23e158efd284c93baed1d40b3600) Importer(815301076,1909f56bfc062723c751e8b465ee728b)
Start importing Assets/Blockout/Prefabs/Walls/Walls Destroyed/Wall_Side_Destroyed_T3_025x1x1 1.prefab using Guid(690e23e158efd284c93baed1d40b3600) Importer(815301076,1909f56bfc062723c751e8b465ee728b)  -> (artifact id: '022f1d53bc4eecd47c0c1a2b96a508be') in 0.028709 seconds 
========================================================================
Received Import Request.
  Time since last request: 0.000022 seconds.
  path: Assets/Blockout/Prefabs/Walls/Walls Destroyed/Wall_Destroyed_025x1x1.prefab
  artifactKey: Guid(c7d8b939bc2de9545b1b7c6026a8f2b1) Importer(815301076,1909f56bfc062723c751e8b465ee728b)
Start importing Assets/Blockout/Prefabs/Walls/Walls Destroyed/Wall_Destroyed_025x1x1.prefab using Guid(c7d8b939bc2de9545b1b7c6026a8f2b1) Importer(815301076,1909f56bfc062723c751e8b465ee728b)  -> (artifact id: 'd42c2de15b4cef893b8fff3c4632c971') in 0.069282 seconds 
========================================================================
Received Import Request.
  Time since last request: 0.000041 seconds.
  path: Assets/Blockout/Prefabs/Blocks Basic/Blocks Pillars/Block_Wall_Pillar_T1_1x1x1.prefab
  artifactKey: Guid(90b3e19ee56454d42b066b53d7000649) Importer(815301076,1909f56bfc062723c751e8b465ee728b)
Start importing Assets/Blockout/Prefabs/Blocks Basic/Blocks Pillars/Block_Wall_Pillar_T1_1x1x1.prefab using Guid(90b3e19ee56454d42b066b53d7000649) Importer(815301076,1909f56bfc062723c751e8b465ee728b)  -> (artifact id: 'dfcc918de002d854b6bfde3570035445') in 0.055848 seconds 
========================================================================
Received Import Request.
  Time since last request: 0.000390 seconds.
  path: Assets/Blockout/Prefabs/Floor/Floors_Cracked/Floor_Cracked_T3_3x-025x3.prefab
  artifactKey: Guid(da54eb1f4b281304387ee9153db9c342) Importer(815301076,1909f56bfc062723c751e8b465ee728b)
Start importing Assets/Blockout/Prefabs/Floor/Floors_Cracked/Floor_Cracked_T3_3x-025x3.prefab using Guid(da54eb1f4b281304387ee9153db9c342) Importer(815301076,1909f56bfc062723c751e8b465ee728b)  -> (artifact id: '8828db2d4a8c25d746a2576a83c83f4f') in 0.025484 seconds 
========================================================================
Received Import Request.
  Time since last request: 0.000041 seconds.
  path: Assets/Blockout/Prefabs/Stairs & Slopes/Stairs_Open_2x3x6.prefab
  artifactKey: Guid(5af5c1c96dd9ca54dad9a923a9e54565) Importer(815301076,1909f56bfc062723c751e8b465ee728b)
Start importing Assets/Blockout/Prefabs/Stairs & Slopes/Stairs_Open_2x3x6.prefab using Guid(5af5c1c96dd9ca54dad9a923a9e54565) Importer(815301076,1909f56bfc062723c751e8b465ee728b)  -> (artifact id: 'dbfd048bd16884d3d15a8b9793912029') in 0.196658 seconds 
========================================================================
Received Import Request.
  Time since last request: 0.000023 seconds.
  path: Assets/Blockout/Prefabs/Blocks Basic/Blocks Alt/Block_Wall_Angle_05x1x4.prefab
  artifactKey: Guid(8726ade19ce125342a1bb9c939f3badc) Importer(815301076,1909f56bfc062723c751e8b465ee728b)
Start importing Assets/Blockout/Prefabs/Blocks Basic/Blocks Alt/Block_Wall_Angle_05x1x4.prefab using Guid(8726ade19ce125342a1bb9c939f3badc) Importer(815301076,1909f56bfc062723c751e8b465ee728b)  -> (artifact id: '99d15e11cd989abf24f6a5b536f7fb54') in 0.127802 seconds 
========================================================================
Received Import Request.
  Time since last request: 0.000031 seconds.
  path: Assets/Blockout/Prefabs/Dynamic/Crate_1x1x1.prefab
  artifactKey: Guid(53c0f5b99c4af484793939e534c558b5) Importer(815301076,1909f56bfc062723c751e8b465ee728b)
Start importing Assets/Blockout/Prefabs/Dynamic/Crate_1x1x1.prefab using Guid(53c0f5b99c4af484793939e534c558b5) Importer(815301076,1909f56bfc062723c751e8b465ee728b)  -> (artifact id: 'bc2423923c392f72919e698e0e507855') in 0.049981 seconds 
========================================================================
Received Import Request.
  Time since last request: 0.000021 seconds.
  path: Assets/Blockout/Prefabs/Particles/Sparks.prefab
  artifactKey: Guid(0148ffd7deccd8c47acc83fa5f3969da) Importer(815301076,1909f56bfc062723c751e8b465ee728b)
Start importing Assets/Blockout/Prefabs/Particles/Sparks.prefab using Guid(0148ffd7deccd8c47acc83fa5f3969da) Importer(815301076,1909f56bfc062723c751e8b465ee728b)  -> (artifact id: '213ff97ece990149be89d83a5b3ebd73') in 0.031531 seconds 
========================================================================
Received Import Request.
  Time since last request: 0.000023 seconds.
  path: Assets/Blockout/Prefabs/Rocks/Rock_large_T1_4x6x4.prefab
  artifactKey: Guid(c92efa0c1f6519e4181d09b1b9c5b645) Importer(815301076,1909f56bfc062723c751e8b465ee728b)
Start importing Assets/Blockout/Prefabs/Rocks/Rock_large_T1_4x6x4.prefab using Guid(c92efa0c1f6519e4181d09b1b9c5b645) Importer(815301076,1909f56bfc062723c751e8b465ee728b)  -> (artifact id: 'b2c55709d241e20a0cdbff53c7c215e1') in 0.047513 seconds 
========================================================================
Received Import Request.
  Time since last request: 0.000023 seconds.
  path: Assets/Blockout/Prefabs/Floor/Floors_Cracked/Floor_Cracked_T1_3x-025x2.prefab
  artifactKey: Guid(88df671253540b447b7ffbdd1dcf672c) Importer(815301076,1909f56bfc062723c751e8b465ee728b)
Start importing Assets/Blockout/Prefabs/Floor/Floors_Cracked/Floor_Cracked_T1_3x-025x2.prefab using Guid(88df671253540b447b7ffbdd1dcf672c) Importer(815301076,1909f56bfc062723c751e8b465ee728b)  -> (artifact id: 'a24115d07b19b8a10cf51c03901e7aaf') in 0.063456 seconds 
========================================================================
Received Import Request.
  Time since last request: 0.000034 seconds.
  path: Assets/Blockout/Prefabs/Blocks Basic/Blocks Corners/Block_Corner_T2_1x4x1.prefab
  artifactKey: Guid(1d8f6732f928de843afe87af02fc6b8f) Importer(815301076,1909f56bfc062723c751e8b465ee728b)
Start importing Assets/Blockout/Prefabs/Blocks Basic/Blocks Corners/Block_Corner_T2_1x4x1.prefab using Guid(1d8f6732f928de843afe87af02fc6b8f) Importer(815301076,1909f56bfc062723c751e8b465ee728b)  -> (artifact id: '362c60d8cb0b73640cd579e31468fe54') in 0.032786 seconds 
========================================================================
Received Import Request.
  Time since last request: 0.000036 seconds.
  path: Assets/Blockout/Prefabs/Blocks Basic/Block_Corner_T2_05x025x1.prefab
  artifactKey: Guid(4a31dc9052a44344088ac2da9fd51d64) Importer(815301076,1909f56bfc062723c751e8b465ee728b)
Start importing Assets/Blockout/Prefabs/Blocks Basic/Block_Corner_T2_05x025x1.prefab using Guid(4a31dc9052a44344088ac2da9fd51d64) Importer(815301076,1909f56bfc062723c751e8b465ee728b)  -> (artifact id: '0aec97e7610ac7cc5c326df08bbe4e94') in 0.087395 seconds 
========================================================================
Received Import Request.
  Time since last request: 0.000020 seconds.
  path: Assets/Blockout/Prefabs/Blocks Basic/Blocks Corner Inner/Block_Inner_Corner_T1_1x4x2.prefab
  artifactKey: Guid(587e40a1a9310dd40865e36288e17dad) Importer(815301076,1909f56bfc062723c751e8b465ee728b)
Start importing Assets/Blockout/Prefabs/Blocks Basic/Blocks Corner Inner/Block_Inner_Corner_T1_1x4x2.prefab using Guid(587e40a1a9310dd40865e36288e17dad) Importer(815301076,1909f56bfc062723c751e8b465ee728b)  -> (artifact id: '5b3b4b5c3a5c3c5838dc70da84aa6ec6') in 0.200916 seconds 
========================================================================
Received Import Request.
  Time since last request: 0.000051 seconds.
  path: Assets/Blockout/Prefabs/Blocks Basic/Blocks_Bent/Block_Bend_Alt1_1x2x2.prefab
  artifactKey: Guid(cf6db22129762b44caf86fc6452c5ecb) Importer(815301076,1909f56bfc062723c751e8b465ee728b)
Start importing Assets/Blockout/Prefabs/Blocks Basic/Blocks_Bent/Block_Bend_Alt1_1x2x2.prefab using Guid(cf6db22129762b44caf86fc6452c5ecb) Importer(815301076,1909f56bfc062723c751e8b465ee728b)  -> (artifact id: 'cf3cbb5984f872d7fdadd31f6237b3ed') in 0.036296 seconds 
========================================================================
Received Import Request.
  Time since last request: 0.000035 seconds.
  path: Assets/Blockout/Prefabs/Blocks Basic/Blocks Caps/Block_Corner_T4_1x1x007.prefab
  artifactKey: Guid(47c82bef386e8ca4e8f3ccdcbad84436) Importer(815301076,1909f56bfc062723c751e8b465ee728b)
Start importing Assets/Blockout/Prefabs/Blocks Basic/Blocks Caps/Block_Corner_T4_1x1x007.prefab using Guid(47c82bef386e8ca4e8f3ccdcbad84436) Importer(815301076,1909f56bfc062723c751e8b465ee728b)  -> (artifact id: '732a39c5dcd48f1c342a356aa8fe8607') in 0.050006 seconds 
========================================================================
Received Import Request.
  Time since last request: 0.000026 seconds.
  path: Assets/Blockout/Prefabs/Blocks Basic/Block_1x5x5.prefab
  artifactKey: Guid(679680ac1c1c31b498897318bbf13363) Importer(815301076,1909f56bfc062723c751e8b465ee728b)
Start importing Assets/Blockout/Prefabs/Blocks Basic/Block_1x5x5.prefab using Guid(679680ac1c1c31b498897318bbf13363) Importer(815301076,1909f56bfc062723c751e8b465ee728b)  -> (artifact id: 'deedb8837a8c6a9908751044139d9d6a') in 0.042270 seconds 
========================================================================
Received Import Request.
  Time since last request: 0.000027 seconds.
  path: Assets/Blockout/Prefabs/Rocks/Rock_Walkable_Large_1.prefab
  artifactKey: Guid(93c4f2045948968409fcd77fd8503da4) Importer(815301076,1909f56bfc062723c751e8b465ee728b)
Start importing Assets/Blockout/Prefabs/Rocks/Rock_Walkable_Large_1.prefab using Guid(93c4f2045948968409fcd77fd8503da4) Importer(815301076,1909f56bfc062723c751e8b465ee728b)  -> (artifact id: '376dd6c1a8ccb0aef463de7ddaa01637') in 0.047693 seconds 
========================================================================
Received Import Request.
  Time since last request: 0.000022 seconds.
  path: Assets/Blockout/Prefabs/Rocks/Rock_large_T2_6x8x6.prefab
  artifactKey: Guid(1d97c99af755b034a8365675df7eea3f) Importer(815301076,1909f56bfc062723c751e8b465ee728b)
Start importing Assets/Blockout/Prefabs/Rocks/Rock_large_T2_6x8x6.prefab using Guid(1d97c99af755b034a8365675df7eea3f) Importer(815301076,1909f56bfc062723c751e8b465ee728b)  -> (artifact id: '6418f1b2b0e5382f4b3af9329064f616') in 0.036180 seconds 
========================================================================
Received Import Request.
  Time since last request: 0.000021 seconds.
  path: Assets/Blockout/Prefabs/Blocks Basic/Block_Corner_T4_1x025x1.prefab
  artifactKey: Guid(ed0f01540132f224aa8f43972c42ce3a) Importer(815301076,1909f56bfc062723c751e8b465ee728b)
Start importing Assets/Blockout/Prefabs/Blocks Basic/Block_Corner_T4_1x025x1.prefab using Guid(ed0f01540132f224aa8f43972c42ce3a) Importer(815301076,1909f56bfc062723c751e8b465ee728b)  -> (artifact id: 'fac60fde0ebb29333699aa0019e7766a') in 0.063324 seconds 
========================================================================
Received Import Request.
  Time since last request: 0.000040 seconds.
  path: Assets/Blockout/Prefabs/Blocks Basic/Block_05x4x1.prefab
  artifactKey: Guid(af4d4cd70a5e0bb4183434ed70eb83ba) Importer(815301076,1909f56bfc062723c751e8b465ee728b)
Start importing Assets/Blockout/Prefabs/Blocks Basic/Block_05x4x1.prefab using Guid(af4d4cd70a5e0bb4183434ed70eb83ba) Importer(815301076,1909f56bfc062723c751e8b465ee728b)  -> (artifact id: '746f94cb1584a7849f4a72d81c3e89c6') in 0.031002 seconds 
========================================================================
Received Import Request.
  Time since last request: 0.000034 seconds.
  path: Assets/Blockout/Prefabs/Blocks Basic/Block_1x2x2.prefab
  artifactKey: Guid(13d93703ab042bf4a8aec9be1826979c) Importer(815301076,1909f56bfc062723c751e8b465ee728b)
Start importing Assets/Blockout/Prefabs/Blocks Basic/Block_1x2x2.prefab using Guid(13d93703ab042bf4a8aec9be1826979c) Importer(815301076,1909f56bfc062723c751e8b465ee728b)  -> (artifact id: '226545cb22a40dfde81de33b319e2215') in 0.025370 seconds 
========================================================================
Received Import Request.
  Time since last request: 0.000023 seconds.
  path: Assets/Blockout/Prefabs/Floor/Blocks Floor Slope/Block_1x05x2.prefab
  artifactKey: Guid(248172b9c3c6bd846a31a1050bf9594e) Importer(815301076,1909f56bfc062723c751e8b465ee728b)
Start importing Assets/Blockout/Prefabs/Floor/Blocks Floor Slope/Block_1x05x2.prefab using Guid(248172b9c3c6bd846a31a1050bf9594e) Importer(815301076,1909f56bfc062723c751e8b465ee728b)  -> (artifact id: '399d37e00e7fb98c16c33460a7e2d8eb') in 0.071647 seconds 
========================================================================
Received Import Request.
  Time since last request: 0.000047 seconds.
  path: Assets/Blockout/Prefabs/Blocks Basic/Blocks Alt/Block_Wall_Angle_05x2x3.prefab
  artifactKey: Guid(dad02f4ceaedbf7479c94a08cc94a83b) Importer(815301076,1909f56bfc062723c751e8b465ee728b)
Start importing Assets/Blockout/Prefabs/Blocks Basic/Blocks Alt/Block_Wall_Angle_05x2x3.prefab using Guid(dad02f4ceaedbf7479c94a08cc94a83b) Importer(815301076,1909f56bfc062723c751e8b465ee728b)  -> (artifact id: '4326ead9c2f6e3b25a8ddc278c2338fe') in 0.035385 seconds 
========================================================================
Received Import Request.
  Time since last request: 0.000025 seconds.
  path: Assets/Blockout/Prefabs/Floor/Terrain Blocks/Ground_Plane_RockFace_Outer_10x3x10.prefab
  artifactKey: Guid(883b8a43ad9618544bad2a13564a9c12) Importer(815301076,1909f56bfc062723c751e8b465ee728b)
Start importing Assets/Blockout/Prefabs/Floor/Terrain Blocks/Ground_Plane_RockFace_Outer_10x3x10.prefab using Guid(883b8a43ad9618544bad2a13564a9c12) Importer(815301076,1909f56bfc062723c751e8b465ee728b)  -> (artifact id: '0ff0b15d830586528b1e59e1c3f124be') in 0.038709 seconds 
========================================================================
Received Import Request.
  Time since last request: 0.000042 seconds.
  path: Assets/Blockout/Prefabs/Walls/Windows & Doors/Wall_Window_End_T2_025x3x2.prefab
  artifactKey: Guid(67320cb21d3597d479f51928b6b50598) Importer(815301076,1909f56bfc062723c751e8b465ee728b)
Start importing Assets/Blockout/Prefabs/Walls/Windows & Doors/Wall_Window_End_T2_025x3x2.prefab using Guid(67320cb21d3597d479f51928b6b50598) Importer(815301076,1909f56bfc062723c751e8b465ee728b)  -> (artifact id: '3ffeb175343710da7146d189543832f1') in 0.061427 seconds 
========================================================================
Received Import Request.
  Time since last request: 0.000024 seconds.
  path: Assets/Blockout/Prefabs/Blocks Basic/Blocks Caps/Block_Wall_Pillar_Cap_T1_1x05x1.prefab
  artifactKey: Guid(eadc1f181a0ea7f4dbad918d2c86cfcc) Importer(815301076,1909f56bfc062723c751e8b465ee728b)
Start importing Assets/Blockout/Prefabs/Blocks Basic/Blocks Caps/Block_Wall_Pillar_Cap_T1_1x05x1.prefab using Guid(eadc1f181a0ea7f4dbad918d2c86cfcc) Importer(815301076,1909f56bfc062723c751e8b465ee728b)  -> (artifact id: '47466e2f05a398dd8357d365da9d9bb3') in 0.167643 seconds 
========================================================================
Received Import Request.
  Time since last request: 0.000051 seconds.
  path: Assets/Blockout/Prefabs/Floor/Floor_Corner_2x-025x2.prefab
  artifactKey: Guid(8e6689ce1e0071e4ba8920efd5330dfd) Importer(815301076,1909f56bfc062723c751e8b465ee728b)
Start importing Assets/Blockout/Prefabs/Floor/Floor_Corner_2x-025x2.prefab using Guid(8e6689ce1e0071e4ba8920efd5330dfd) Importer(815301076,1909f56bfc062723c751e8b465ee728b)  -> (artifact id: '568f326f8ef5dc5e3c0b3b175f04c4b8') in 0.039162 seconds 
========================================================================
Received Import Request.
  Time since last request: 0.000030 seconds.
  path: Assets/Blockout/Prefabs/Blocks Basic/Blocks Pillars/Block_Wall_Pillar_T2_1x1x1.prefab
  artifactKey: Guid(c0035b1b9158ea149804a7d9d7ecd689) Importer(815301076,1909f56bfc062723c751e8b465ee728b)
Start importing Assets/Blockout/Prefabs/Blocks Basic/Blocks Pillars/Block_Wall_Pillar_T2_1x1x1.prefab using Guid(c0035b1b9158ea149804a7d9d7ecd689) Importer(815301076,1909f56bfc062723c751e8b465ee728b)  -> (artifact id: '47b20c9268bdf895f3b5991109305be4') in 0.023564 seconds 
========================================================================
Received Import Request.
  Time since last request: 0.000022 seconds.
  path: Assets/Blockout/Prefabs/Blocks Basic/Blocks Pillars/Block_Wall_Pillar_T1_1x4x1.prefab
  artifactKey: Guid(a48d39ce72abf514aacfeb93af3918d5) Importer(815301076,1909f56bfc062723c751e8b465ee728b)
Start importing Assets/Blockout/Prefabs/Blocks Basic/Blocks Pillars/Block_Wall_Pillar_T1_1x4x1.prefab using Guid(a48d39ce72abf514aacfeb93af3918d5) Importer(815301076,1909f56bfc062723c751e8b465ee728b)  -> (artifact id: '38285e4fcadfce204a9445eb787780d2') in 0.137432 seconds 
========================================================================
Received Import Request.
  Time since last request: 0.000025 seconds.
  path: Assets/Blockout/Prefabs/Floor/Floors_Cracked/Floor_Cracked_T4_1x-025x1.prefab
  artifactKey: Guid(227912638b4487540b0c6491bf67e716) Importer(815301076,1909f56bfc062723c751e8b465ee728b)
Start importing Assets/Blockout/Prefabs/Floor/Floors_Cracked/Floor_Cracked_T4_1x-025x1.prefab using Guid(227912638b4487540b0c6491bf67e716) Importer(815301076,1909f56bfc062723c751e8b465ee728b)  -> (artifact id: '4fdabdc96d7edfc4c980ac9ebda6e0aa') in 0.091477 seconds 
========================================================================
Received Import Request.
  Time since last request: 0.000054 seconds.
  path: Assets/Blockout/Prefabs/Particles/Fire_Ground_1x3.prefab
  artifactKey: Guid(3db33a418d718784caaabe2d37d8a0a2) Importer(815301076,1909f56bfc062723c751e8b465ee728b)
Start importing Assets/Blockout/Prefabs/Particles/Fire_Ground_1x3.prefab using Guid(3db33a418d718784caaabe2d37d8a0a2) Importer(815301076,1909f56bfc062723c751e8b465ee728b)  -> (artifact id: 'a8d650c4daa71dbf1a02db5533a63551') in 0.045922 seconds 
========================================================================
Received Import Request.
  Time since last request: 0.000045 seconds.
  path: Assets/Blockout/Prefabs/Blocks Basic/Blocks Alt/Block_Wall_Angle_05x2x2.prefab
  artifactKey: Guid(d67d748d90dc8ae48a0b37a0dcb25536) Importer(815301076,1909f56bfc062723c751e8b465ee728b)
Start importing Assets/Blockout/Prefabs/Blocks Basic/Blocks Alt/Block_Wall_Angle_05x2x2.prefab using Guid(d67d748d90dc8ae48a0b37a0dcb25536) Importer(815301076,1909f56bfc062723c751e8b465ee728b)  -> (artifact id: '629ca5e8d64e059536b9eee5d778580d') in 0.058265 seconds 
========================================================================
Received Import Request.
  Time since last request: 0.000039 seconds.
  path: Assets/Blockout/Prefabs/Blocks Basic/Blocks Corners/Block_Corner_T2_1x2x1.prefab
  artifactKey: Guid(8950f705a255682499f37ec786624744) Importer(815301076,1909f56bfc062723c751e8b465ee728b)
Start importing Assets/Blockout/Prefabs/Blocks Basic/Blocks Corners/Block_Corner_T2_1x2x1.prefab using Guid(8950f705a255682499f37ec786624744) Importer(815301076,1909f56bfc062723c751e8b465ee728b)  -> (artifact id: '361a7c835339c355a1dbfd5370dc4b66') in 0.040838 seconds 
========================================================================
Received Import Request.
  Time since last request: 0.000037 seconds.
  path: Assets/Blockout/Prefabs/Blocks Basic/Blocks Caps/Block_Corner_T1_1x1x003.prefab
  artifactKey: Guid(58ac1c81cc9322847acc6bad1e211604) Importer(815301076,1909f56bfc062723c751e8b465ee728b)
Start importing Assets/Blockout/Prefabs/Blocks Basic/Blocks Caps/Block_Corner_T1_1x1x003.prefab using Guid(58ac1c81cc9322847acc6bad1e211604) Importer(815301076,1909f56bfc062723c751e8b465ee728b)  -> (artifact id: 'fb999bb5fada71773efe6d6ad9c501e0') in 0.117196 seconds 
========================================================================
Received Import Request.
  Time since last request: 0.000042 seconds.
  path: Assets/Blockout/Prefabs/Dynamic/Fence_Basic_2_Destroyed_1.prefab
  artifactKey: Guid(cd1ab00f56eecbe478f861e608966500) Importer(815301076,1909f56bfc062723c751e8b465ee728b)
Start importing Assets/Blockout/Prefabs/Dynamic/Fence_Basic_2_Destroyed_1.prefab using Guid(cd1ab00f56eecbe478f861e608966500) Importer(815301076,1909f56bfc062723c751e8b465ee728b)  -> (artifact id: '500a430fe65783db03c82ea06691a493') in 0.054341 seconds 
========================================================================
Received Import Request.
  Time since last request: 0.000038 seconds.
  path: Assets/Blockout/Prefabs/Blocks Basic/Block_Slope_5x5x5.prefab
  artifactKey: Guid(18ef83fe26a8e5a4fbb3de4c55cbb16e) Importer(815301076,1909f56bfc062723c751e8b465ee728b)
Start importing Assets/Blockout/Prefabs/Blocks Basic/Block_Slope_5x5x5.prefab using Guid(18ef83fe26a8e5a4fbb3de4c55cbb16e) Importer(815301076,1909f56bfc062723c751e8b465ee728b)  -> (artifact id: '9599f1503de34f0dc0d0f67d8df455e3') in 0.058705 seconds 
========================================================================
Received Import Request.
  Time since last request: 0.000047 seconds.
  path: Assets/Blockout/Prefabs/Floor/Floors_Cracked/Floor_Floating_T2_1x-025x1.prefab
  artifactKey: Guid(c8b0f4c09a0a9fa4885fceaafabd8ef8) Importer(815301076,1909f56bfc062723c751e8b465ee728b)
Start importing Assets/Blockout/Prefabs/Floor/Floors_Cracked/Floor_Floating_T2_1x-025x1.prefab using Guid(c8b0f4c09a0a9fa4885fceaafabd8ef8) Importer(815301076,1909f56bfc062723c751e8b465ee728b)  -> (artifact id: '878ed90d82efa642268b5af993bcb514') in 0.073119 seconds 
========================================================================
Received Import Request.
  Time since last request: 0.000041 seconds.
  path: Assets/Blockout/Prefabs/Walls/Walls Destroyed/Wall_Destoryed_End_025x3x3.prefab
  artifactKey: Guid(71abb102cdd6dc6469d45decca4924a9) Importer(815301076,1909f56bfc062723c751e8b465ee728b)
Start importing Assets/Blockout/Prefabs/Walls/Walls Destroyed/Wall_Destoryed_End_025x3x3.prefab using Guid(71abb102cdd6dc6469d45decca4924a9) Importer(815301076,1909f56bfc062723c751e8b465ee728b)  -> (artifact id: '68d5ad13d294f473e9fb593ef1150ce6') in 0.311385 seconds 
========================================================================
Received Import Request.
  Time since last request: 0.000069 seconds.
  path: Assets/Blockout/Prefabs/Rocks/Rock_Walkable_Large_5.prefab
  artifactKey: Guid(642790947ecff38458d39d71917328e0) Importer(815301076,1909f56bfc062723c751e8b465ee728b)
Start importing Assets/Blockout/Prefabs/Rocks/Rock_Walkable_Large_5.prefab using Guid(642790947ecff38458d39d71917328e0) Importer(815301076,1909f56bfc062723c751e8b465ee728b)  -> (artifact id: '9e7e1c2ee0a0b13875015484bcc81f59') in 0.055564 seconds 
========================================================================
Received Import Request.
  Time since last request: 0.000063 seconds.
  path: Assets/Blockout/Prefabs/Rocks/Rock_Flatbottom_Small_T1_2x2x2.prefab
  artifactKey: Guid(3fbeaf4b0b5b9ef498870403eaacb94a) Importer(815301076,1909f56bfc062723c751e8b465ee728b)
Start importing Assets/Blockout/Prefabs/Rocks/Rock_Flatbottom_Small_T1_2x2x2.prefab using Guid(3fbeaf4b0b5b9ef498870403eaacb94a) Importer(815301076,1909f56bfc062723c751e8b465ee728b)  -> (artifact id: 'd4bf58b234bab1d67d1aa381e5b547df') in 0.058047 seconds 
========================================================================
Received Import Request.
  Time since last request: 0.000035 seconds.
  path: Assets/Blockout/Prefabs/Blocks Basic/Blocks Caps/Block_Wall_Pillar_End_T3_1x1x1.prefab
  artifactKey: Guid(6735c383bd546da41bbd51e2846de9ea) Importer(815301076,1909f56bfc062723c751e8b465ee728b)
Start importing Assets/Blockout/Prefabs/Blocks Basic/Blocks Caps/Block_Wall_Pillar_End_T3_1x1x1.prefab using Guid(6735c383bd546da41bbd51e2846de9ea) Importer(815301076,1909f56bfc062723c751e8b465ee728b)  -> (artifact id: '11622c40828cfe7fc62e7bc3e907c245') in 0.060145 seconds 
========================================================================
Received Import Request.
  Time since last request: 0.000035 seconds.
  path: Assets/Blockout/Prefabs/Floor/Terrain Blocks/Ground_Plane_Bend_Inner_10x02x10.prefab
  artifactKey: Guid(3ba71b7739c17b84a80542f088b93c07) Importer(815301076,1909f56bfc062723c751e8b465ee728b)
Start importing Assets/Blockout/Prefabs/Floor/Terrain Blocks/Ground_Plane_Bend_Inner_10x02x10.prefab using Guid(3ba71b7739c17b84a80542f088b93c07) Importer(815301076,1909f56bfc062723c751e8b465ee728b)  -> (artifact id: '8565ea7a8fed25d315710b292a6f8c03') in 0.051553 seconds 
========================================================================
Received Import Request.
  Time since last request: 0.000021 seconds.
  path: Assets/Blockout/Prefabs/Blocks Basic/Blocks Corners/Block_Corner_T4_1x4x1.prefab
  artifactKey: Guid(0a226d1eb7895064d8a950ae825a6198) Importer(815301076,1909f56bfc062723c751e8b465ee728b)
Start importing Assets/Blockout/Prefabs/Blocks Basic/Blocks Corners/Block_Corner_T4_1x4x1.prefab using Guid(0a226d1eb7895064d8a950ae825a6198) Importer(815301076,1909f56bfc062723c751e8b465ee728b)  -> (artifact id: '18db7c89705de49a8313a77a15f7c5fb') in 0.026280 seconds 
========================================================================
Received Import Request.
  Time since last request: 0.000036 seconds.
  path: Assets/Blockout/Prefabs/Blocks Basic/Blocks Caps/Block_Corner_T3_1x1x004.prefab
  artifactKey: Guid(7efc074b68f438c42b3fbd1a8e02c4de) Importer(815301076,1909f56bfc062723c751e8b465ee728b)
Start importing Assets/Blockout/Prefabs/Blocks Basic/Blocks Caps/Block_Corner_T3_1x1x004.prefab using Guid(7efc074b68f438c42b3fbd1a8e02c4de) Importer(815301076,1909f56bfc062723c751e8b465ee728b)  -> (artifact id: '48dcaae5d834a6d58f3d02c432bc09d2') in 0.031651 seconds 
========================================================================
Received Import Request.
  Time since last request: 0.000058 seconds.
  path: Assets/Blockout/Prefabs/Blocks Basic/Blocks Pillars/Block_Wall_Pillar_T1_1x5x1.prefab
  artifactKey: Guid(4419a425aeb28034e9511b02c80ddd81) Importer(815301076,1909f56bfc062723c751e8b465ee728b)
Start importing Assets/Blockout/Prefabs/Blocks Basic/Blocks Pillars/Block_Wall_Pillar_T1_1x5x1.prefab using Guid(4419a425aeb28034e9511b02c80ddd81) Importer(815301076,1909f56bfc062723c751e8b465ee728b)  -> (artifact id: 'a0fb3a4742e01290201a5da20173e2b1') in 0.030764 seconds 
========================================================================
Received Import Request.
  Time since last request: 0.000036 seconds.
  path: Assets/Blockout/Prefabs/Blocks Basic/Blocks Caps/Block_Wall_Pillar_Cap3_T1_1x1x1.prefab
  artifactKey: Guid(ad511df75acbe3543b23f8df801b30f2) Importer(815301076,1909f56bfc062723c751e8b465ee728b)
Start importing Assets/Blockout/Prefabs/Blocks Basic/Blocks Caps/Block_Wall_Pillar_Cap3_T1_1x1x1.prefab using Guid(ad511df75acbe3543b23f8df801b30f2) Importer(815301076,1909f56bfc062723c751e8b465ee728b)  -> (artifact id: '95694142acd0db08c0dad59d7440ade9') in 0.025510 seconds 
========================================================================
Received Import Request.
  Time since last request: 0.000037 seconds.
  path: Assets/Blockout/Prefabs/Floor/Floor_Angle_3x-025x3.prefab
  artifactKey: Guid(ddbc30a5c3e93e542aca90973857483c) Importer(815301076,1909f56bfc062723c751e8b465ee728b)
Start importing Assets/Blockout/Prefabs/Floor/Floor_Angle_3x-025x3.prefab using Guid(ddbc30a5c3e93e542aca90973857483c) Importer(815301076,1909f56bfc062723c751e8b465ee728b)  -> (artifact id: '83c73a24b83b4ee0b6fd0376c7b79b37') in 0.024170 seconds 
========================================================================
Received Import Request.
  Time since last request: 0.000033 seconds.
  path: Assets/Blockout/Prefabs/Blocks Basic/Blocks Caps/Block_Corner_Cap_T4_1x1x1.prefab
  artifactKey: Guid(78886bb9409e524419bd8965957a4578) Importer(815301076,1909f56bfc062723c751e8b465ee728b)
Start importing Assets/Blockout/Prefabs/Blocks Basic/Blocks Caps/Block_Corner_Cap_T4_1x1x1.prefab using Guid(78886bb9409e524419bd8965957a4578) Importer(815301076,1909f56bfc062723c751e8b465ee728b)  -> (artifact id: '844ad6ccb7e623c88feeeb6f90bb2b04') in 0.054045 seconds 
========================================================================
Received Import Request.
  Time since last request: 0.000032 seconds.
  path: Assets/Blockout/Prefabs/Stairs & Slopes/Stairs_Spiral_Open_T1.prefab
  artifactKey: Guid(2a823cb3b91fda64da40945889269af8) Importer(815301076,1909f56bfc062723c751e8b465ee728b)
Start importing Assets/Blockout/Prefabs/Stairs & Slopes/Stairs_Spiral_Open_T1.prefab using Guid(2a823cb3b91fda64da40945889269af8) Importer(815301076,1909f56bfc062723c751e8b465ee728b)  -> (artifact id: 'ad156c445096c1527e3e9745aa163cdf') in 0.037559 seconds 
========================================================================
Received Import Request.
  Time since last request: 0.000042 seconds.
  path: Assets/Blockout/Prefabs/Walls/Wall_025x2x3.prefab
  artifactKey: Guid(f03e899d732bfb5488ea784036b82e9c) Importer(815301076,1909f56bfc062723c751e8b465ee728b)
Start importing Assets/Blockout/Prefabs/Walls/Wall_025x2x3.prefab using Guid(f03e899d732bfb5488ea784036b82e9c) Importer(815301076,1909f56bfc062723c751e8b465ee728b)  -> (artifact id: '8f9b4d41504b2ab95437aa474fb6759b') in 0.071388 seconds 
========================================================================
Received Import Request.
  Time since last request: 0.000036 seconds.
  path: Assets/Blockout/Prefabs/Particles/Rain_1.prefab
  artifactKey: Guid(04cadec1622a78440abe6971c5596979) Importer(815301076,1909f56bfc062723c751e8b465ee728b)
Start importing Assets/Blockout/Prefabs/Particles/Rain_1.prefab using Guid(04cadec1622a78440abe6971c5596979) Importer(815301076,1909f56bfc062723c751e8b465ee728b)  -> (artifact id: '79efeeffc942bd8a26a0dd6729f07309') in 0.071767 seconds 
========================================================================
Received Import Request.
  Time since last request: 0.000058 seconds.
  path: Assets/Blockout/Prefabs/Floor/Blocks Floor Slope/Block_Slope_T1_1x05x4.prefab
  artifactKey: Guid(4a3794c067eec114aa9492a210f278f0) Importer(815301076,1909f56bfc062723c751e8b465ee728b)
Start importing Assets/Blockout/Prefabs/Floor/Blocks Floor Slope/Block_Slope_T1_1x05x4.prefab using Guid(4a3794c067eec114aa9492a210f278f0) Importer(815301076,1909f56bfc062723c751e8b465ee728b)  -> (artifact id: 'c906bc8714ca6b90055a7d707d44778f') in 0.149558 seconds 
========================================================================
Received Import Request.
  Time since last request: 0.000023 seconds.
  path: Assets/Blockout/Prefabs/Floor/Floors_Cracked/Floor_Floating_T2_2x-025x2.prefab
  artifactKey: Guid(789f7a208c4692b478d66eb81ad619ee) Importer(815301076,1909f56bfc062723c751e8b465ee728b)
Start importing Assets/Blockout/Prefabs/Floor/Floors_Cracked/Floor_Floating_T2_2x-025x2.prefab using Guid(789f7a208c4692b478d66eb81ad619ee) Importer(815301076,1909f56bfc062723c751e8b465ee728b)  -> (artifact id: 'a9d7b76ff2990901e9295789bb6df728') in 0.030650 seconds 
========================================================================
Received Import Request.
  Time since last request: 0.000034 seconds.
  path: Assets/Blockout/Prefabs/Floor/Floor_2x-025x5.prefab
  artifactKey: Guid(9d30b5eb9fa4dda4ead9a13030de998a) Importer(815301076,1909f56bfc062723c751e8b465ee728b)
Start importing Assets/Blockout/Prefabs/Floor/Floor_2x-025x5.prefab using Guid(9d30b5eb9fa4dda4ead9a13030de998a) Importer(815301076,1909f56bfc062723c751e8b465ee728b)  -> (artifact id: 'e6d0b465285087761bf18031b492620e') in 0.119603 seconds 
========================================================================
Received Import Request.
  Time since last request: 0.000028 seconds.
  path: Assets/Blockout/Prefabs/Blocks Basic/Blocks Corners/Block_Corner_T1_1x5x1.prefab
  artifactKey: Guid(2c61a4fcfc87bc54a9aa2c2385ff79f8) Importer(815301076,1909f56bfc062723c751e8b465ee728b)
Start importing Assets/Blockout/Prefabs/Blocks Basic/Blocks Corners/Block_Corner_T1_1x5x1.prefab using Guid(2c61a4fcfc87bc54a9aa2c2385ff79f8) Importer(815301076,1909f56bfc062723c751e8b465ee728b)  -> (artifact id: 'd94b0ff26c92516fd7d1f69ded052c7f') in 0.043513 seconds 
========================================================================
Received Import Request.
  Time since last request: 0.000036 seconds.
  path: Assets/Blockout/Prefabs/Floor/Floor_Bend_Outer_3x-025x3.prefab
  artifactKey: Guid(4af624f47c33839429405f1fd2c7964a) Importer(815301076,1909f56bfc062723c751e8b465ee728b)
Start importing Assets/Blockout/Prefabs/Floor/Floor_Bend_Outer_3x-025x3.prefab using Guid(4af624f47c33839429405f1fd2c7964a) Importer(815301076,1909f56bfc062723c751e8b465ee728b)  -> (artifact id: 'ec328741bd0841ae0cda365877e8b72d') in 0.027570 seconds 
========================================================================
Received Import Request.
  Time since last request: 0.000042 seconds.
  path: Assets/Blockout/Prefabs/Dynamic/Barricade.prefab
  artifactKey: Guid(1910456fc5fb5774998c8843531e1721) Importer(815301076,1909f56bfc062723c751e8b465ee728b)
Start importing Assets/Blockout/Prefabs/Dynamic/Barricade.prefab using Guid(1910456fc5fb5774998c8843531e1721) Importer(815301076,1909f56bfc062723c751e8b465ee728b)  -> (artifact id: '8e2457b1025fdcf3bf9b39cc395e69f3') in 0.092425 seconds 
========================================================================
Received Import Request.
  Time since last request: 0.000038 seconds.
  path: Assets/Blockout/Prefabs/Floor/Blocks Floor Slope/Block_Slope_T1_4x05x05.prefab
  artifactKey: Guid(2bb9dcd2638cb7047a84505dc5478e14) Importer(815301076,1909f56bfc062723c751e8b465ee728b)
Start importing Assets/Blockout/Prefabs/Floor/Blocks Floor Slope/Block_Slope_T1_4x05x05.prefab using Guid(2bb9dcd2638cb7047a84505dc5478e14) Importer(815301076,1909f56bfc062723c751e8b465ee728b)  -> (artifact id: '961696bdab5df36523d20e1bf1a883c4') in 0.141369 seconds 
========================================================================
Received Import Request.
  Time since last request: 0.000039 seconds.
  path: Assets/Blockout/Prefabs/Dynamic/Wall_Box_With_Swing_Door_2.prefab
  artifactKey: Guid(52dab349a73eae54bb9f030ee8689afe) Importer(815301076,1909f56bfc062723c751e8b465ee728b)
Start importing Assets/Blockout/Prefabs/Dynamic/Wall_Box_With_Swing_Door_2.prefab using Guid(52dab349a73eae54bb9f030ee8689afe) Importer(815301076,1909f56bfc062723c751e8b465ee728b)  -> (artifact id: 'a27ab12234e2cf7fef742aab64ce1394') in 0.074861 seconds 
========================================================================
Received Import Request.
  Time since last request: 0.000051 seconds.
  path: Assets/Blockout/Prefabs/Walls/Wall_025x2x2.prefab
  artifactKey: Guid(08cb948c496c86148a1516991dcc6bec) Importer(815301076,1909f56bfc062723c751e8b465ee728b)
Start importing Assets/Blockout/Prefabs/Walls/Wall_025x2x2.prefab using Guid(08cb948c496c86148a1516991dcc6bec) Importer(815301076,1909f56bfc062723c751e8b465ee728b)  -> (artifact id: '2fe9963537d27cb24491cd4538479eff') in 0.062272 seconds 
========================================================================
Received Import Request.
  Time since last request: 0.000052 seconds.
  path: Assets/Blockout/Resources/Blockout/Pins/Pin_3_Pyramid.prefab
  artifactKey: Guid(a126633a79793c54c88a48867bfb6b1b) Importer(815301076,1909f56bfc062723c751e8b465ee728b)
Start importing Assets/Blockout/Resources/Blockout/Pins/Pin_3_Pyramid.prefab using Guid(a126633a79793c54c88a48867bfb6b1b) Importer(815301076,1909f56bfc062723c751e8b465ee728b)  -> (artifact id: '5bca20985faee7e5249047937b78ce58') in 0.123436 seconds 
========================================================================
Received Import Request.
  Time since last request: 0.000022 seconds.
  path: Assets/Blockout/Prefabs/Blocks Basic/Blocks Corner Inner/Block_Inner_Corner_T1_1x1x2.prefab
  artifactKey: Guid(5ee148ae734555449a697c3fa1bbc4ea) Importer(815301076,1909f56bfc062723c751e8b465ee728b)
Start importing Assets/Blockout/Prefabs/Blocks Basic/Blocks Corner Inner/Block_Inner_Corner_T1_1x1x2.prefab using Guid(5ee148ae734555449a697c3fa1bbc4ea) Importer(815301076,1909f56bfc062723c751e8b465ee728b)  -> (artifact id: '27294f2d3311ca9ac2b57455fd2df4af') in 0.043653 seconds 
========================================================================
Received Import Request.
  Time since last request: 0.000024 seconds.
  path: Assets/Blockout/Prefabs/Blocks Basic/Block_1x2x1.prefab
  artifactKey: Guid(0f525598b2479ed46b967f6f863306d1) Importer(815301076,1909f56bfc062723c751e8b465ee728b)
Start importing Assets/Blockout/Prefabs/Blocks Basic/Block_1x2x1.prefab using Guid(0f525598b2479ed46b967f6f863306d1) Importer(815301076,1909f56bfc062723c751e8b465ee728b)  -> (artifact id: '7619a81985637168ba96082ea16c7953') in 0.149478 seconds 
========================================================================
Received Import Request.
  Time since last request: 0.000037 seconds.
  path: Assets/Blockout/Prefabs/Floor/Terrain Blocks/Ground_Plane_Slope_T1_10x1x10.prefab
  artifactKey: Guid(e308f51763158a0478c96c508bf577e5) Importer(815301076,1909f56bfc062723c751e8b465ee728b)
Start importing Assets/Blockout/Prefabs/Floor/Terrain Blocks/Ground_Plane_Slope_T1_10x1x10.prefab using Guid(e308f51763158a0478c96c508bf577e5) Importer(815301076,1909f56bfc062723c751e8b465ee728b)  -> (artifact id: '76e1402ab71f5f695134f9206d256700') in 0.035693 seconds 
========================================================================
Received Import Request.
  Time since last request: 0.000023 seconds.
  path: Assets/Blockout/Prefabs/Blocks Basic/Blocks_Bent/Block_Bend_Alt1_05x2x1.prefab
  artifactKey: Guid(e61477632f13f274a9509c7888347f70) Importer(815301076,1909f56bfc062723c751e8b465ee728b)
Start importing Assets/Blockout/Prefabs/Blocks Basic/Blocks_Bent/Block_Bend_Alt1_05x2x1.prefab using Guid(e61477632f13f274a9509c7888347f70) Importer(815301076,1909f56bfc062723c751e8b465ee728b)  -> (artifact id: '854b11509ffb9884831ec33c9ecee5e5') in 0.115604 seconds 
========================================================================
Received Import Request.
  Time since last request: 0.000039 seconds.
  path: Assets/Blockout/Prefabs/Blocks Basic/Blocks Corner Inner/Block_Inner_Corner_T1_1x1x1.prefab
  artifactKey: Guid(9dfcfb7f20ed0054c904e3df1f25f9bb) Importer(815301076,1909f56bfc062723c751e8b465ee728b)
Start importing Assets/Blockout/Prefabs/Blocks Basic/Blocks Corner Inner/Block_Inner_Corner_T1_1x1x1.prefab using Guid(9dfcfb7f20ed0054c904e3df1f25f9bb) Importer(815301076,1909f56bfc062723c751e8b465ee728b)  -> (artifact id: '8dea639ad202ccc028368b84d4e21375') in 0.116118 seconds 
========================================================================
Received Import Request.
  Time since last request: 0.000028 seconds.
  path: Assets/Blockout/Prefabs/Blocks Basic/Blocks Pillars/Block_Pillar_T1_1x2x1.prefab
  artifactKey: Guid(cb3414d922a27e14892bbda22580af57) Importer(815301076,1909f56bfc062723c751e8b465ee728b)
Start importing Assets/Blockout/Prefabs/Blocks Basic/Blocks Pillars/Block_Pillar_T1_1x2x1.prefab using Guid(cb3414d922a27e14892bbda22580af57) Importer(815301076,1909f56bfc062723c751e8b465ee728b)  -> (artifact id: 'd9850eee42cbb49dcdbb08fdfc7bfb0e') in 0.044175 seconds 
========================================================================
Received Prepare
Registering precompiled user dll's ...
Registered in 0.004125 seconds.
Begin MonoManager ReloadAssembly
Symbol file LoadedFromMemory doesn't match image C:\Users\mzlaf\Documents\VR\VR Group Project\Library\PackageCache\com.unity.visualscripting@1.8.0\Editor\VisualScripting.Core\Dependencies\YamlDotNet\Unity.VisualScripting.YamlDotNet.dll
Symbol file LoadedFromMemory doesn't match image C:\Users\mzlaf\Documents\VR\VR Group Project\Library\PackageCache\com.unity.visualscripting@1.8.0\Editor\VisualScripting.Core\Dependencies\DotNetZip\Unity.VisualScripting.IonicZip.dll
Native extension for WindowsStandalone target not found
Native extension for Android target not found
Native extension for WebGL target not found
Refreshing native plugins compatible for Editor in 0.62 ms, found 3 plugins.
Preloading 0 native plugins for Editor in 0.00 ms.
System.Exception: Error! Visual Scripting: couldn't find visual scripting package
  at Unity.VisualScripting.PackageVersionUtility.get_version () [0x00025] in C:\Users\mzlaf\Documents\VR\VR Group Project\Library\PackageCache\com.unity.visualscripting@1.8.0\Editor\VisualScripting.Core\Utilities\PackageVersionUtility.cs:22 
  at Unity.VisualScripting.BoltCoreManifest.get_version () [0x00000] in C:\Users\mzlaf\Documents\VR\VR Group Project\Library\PackageCache\com.unity.visualscripting@1.8.0\Editor\VisualScripting.Core\Plugin\BoltCoreManifest.cs:11 
  at Unity.VisualScripting.PluginManifest.get_currentVersion () [0x00000] in C:\Users\mzlaf\Documents\VR\VR Group Project\Library\PackageCache\com.unity.visualscripting@1.8.0\Editor\VisualScripting.Core\Plugins\PluginManifest.cs:33 
  at Unity.VisualScripting.PluginManifest.get_versionMismatch () [0x00000] in C:\Users\mzlaf\Documents\VR\VR Group Project\Library\PackageCache\com.unity.visualscripting@1.8.0\Editor\VisualScripting.Core\Plugins\PluginManifest.cs:48 
  at Unity.VisualScripting.PluginContainer.Initialize () [0x0057d] in C:\Users\mzlaf\Documents\VR\VR Group Project\Library\PackageCache\com.unity.visualscripting@1.8.0\Editor\VisualScripting.Core\Plugins\PluginContainer.cs:208 
  at Unity.VisualScripting.PluginContainer.InitializeOnLoad () [0x00012] in C:\Users\mzlaf\Documents\VR\VR Group Project\Library\PackageCache\com.unity.visualscripting@1.8.0\Editor\VisualScripting.Core\Plugins\PluginContainer.cs:32 
  at Unity.VisualScripting.VSUsageUtility.DoInitializeOnLoadCalls () [0x00044] in C:\Users\mzlaf\Documents\VR\VR Group Project\Library\PackageCache\com.unity.visualscripting@1.8.0\Editor\VisualScripting.Core\Utilities\VSUsageUtility.cs:76 
  at Unity.VisualScripting.VSUsageUtility.set_isVisualScriptingUsed (System.Boolean value) [0x00037] in C:\Users\mzlaf\Documents\VR\VR Group Project\Library\PackageCache\com.unity.visualscripting@1.8.0\Editor\VisualScripting.Core\Utilities\VSUsageUtility.cs:114 
  at Unity.VisualScripting.VSUsageUtility.CheckAndSetIsVisualScriptingUsed () [0x00013] in C:\Users\mzlaf\Documents\VR\VR Group Project\Library\PackageCache\com.unity.visualscripting@1.8.0\Editor\VisualScripting.Core\Utilities\VSUsageUtility.cs:33 
  at Unity.VisualScripting.VSUsageUtility..cctor () [0x0000d] in C:\Users\mzlaf\Documents\VR\VR Group Project\Library\PackageCache\com.unity.visualscripting@1.8.0\Editor\VisualScripting.Core\Utilities\VSUsageUtility.cs:22 
UnityEngine.StackTraceUtility:ExtractStackTrace ()
UnityEngine.DebugLogHandler:LogFormat (UnityEngine.LogType,UnityEngine.Object,string,object[])
UnityEngine.Logger:Log (UnityEngine.LogType,object)
UnityEngine.Debug:LogError (object)
UnityEditor.EditorAssemblies:ProcessInitializeOnLoadAttributes (System.Type[])

Mono: successfully reloaded assembly
- Completed reload, in  1.648 seconds
Domain Reload Profiling:
	ReloadAssembly (1648ms)
		BeginReloadAssembly (194ms)
			ExecutionOrderSort (0ms)
			DisableScriptedObjects (6ms)
			BackupInstance (0ms)
			ReleaseScriptingObjects (0ms)
			CreateAndSetChildDomain (47ms)
		EndReloadAssembly (1342ms)
			LoadAssemblies (110ms)
			RebuildTransferFunctionScriptingTraits (0ms)
			SetupTypeCache (311ms)
			ReleaseScriptCaches (1ms)
			RebuildScriptCaches (46ms)
			SetupLoadedEditorAssemblies (589ms)
				LogAssemblyErrors (0ms)
				InitializePlatformSupportModulesInManaged (23ms)
				SetLoadedEditorAssemblies (0ms)
				RefreshPlugins (1ms)
				BeforeProcessingInitializeOnLoad (75ms)
				ProcessInitializeOnLoadAttributes (458ms)
				ProcessInitializeOnLoadMethodAttributes (25ms)
				AfterProcessingInitializeOnLoad (8ms)
				EditorAssembliesLoaded (0ms)
			ExecutionOrderSort2 (0ms)
			AwakeInstancesAfterBackupRestoration (8ms)
Platform modules already initialized, skipping
Refreshing native plugins compatible for Editor in 1.66 ms, found 3 plugins.
Preloading 0 native plugins for Editor in 0.00 ms.
Unloading 3085 Unused Serialized files (Serialized files now loaded: 0)
Unloading 17 unused Assets / (81.8 KB). Loaded Objects now: 3580.
Memory consumption went from 120.7 MB to 120.6 MB.
Total: 13.231300 ms (FindLiveObjects: 0.212500 ms CreateObjectMapping: 0.092300 ms MarkObjects: 12.801500 ms  DeleteObjects: 0.122100 ms)

AssetImportParameters requested are different than current active one (requested -> active):
  custom:video-decoder-ogg-theora: a1e56fd34408186e4bbccfd4996cb3dc -> 
  custom:container-muxer-webm: aa71ff27fc2769a1b78a27578f13a17b -> 
  custom:container-demuxer-webm: 4f35f7cbe854078d1ac9338744f61a02 -> 
  custom:video-encoder-webm-vp8: eb34c28f22e8b96e1ab97ce403110664 -> 
  custom:video-codec-MediaFoundation-h265: 746d11721c4dcdbdad8f713fa42b33f4 -> 
  custom:audio-encoder-webm-vorbis: bf7c407c2cedff20999df2af8eb42d56 -> 
  custom:framework-win-MediaFoundation: 216162199b28c13a410421893ffa2e32 -> 
  custom:container-demuxer-ogg: 62fdf1f143b41e24485cea50d1cbac27 -> 
  custom:video-decoder-webm-vp8: 9c59270c3fd7afecdb556c50c9e8de78 -> 
  custom:audio-decoder-ogg-vorbis: bf7c407c2cedff20999df2af8eb42d56 -> 
Editor requested this worker to shutdown with reason: Scaling down because of idle timeout
AssetImportWorkerClient::OnTransportError - code=2 error=End of file
AssetImportWorker is now disconnected from the server
Process exiting
Exiting without the bug reporter. Application will terminate with return code 0