Using pre-set license
Built from '2021.3/staging' branch; Version is '2021.3.24f1 (cf10dcf7010d) revision 13570268'; Using compiler version '192829333'; Build Type 'Release'
OS: 'Windows 11  (10.0.22621) 64bit Core' Language: 'en' Physical Memory: 16005 MB
BatchMode: 1, IsHumanControllingUs: 0, StartBugReporterOnCrash: 0, Is64bit: 1, IsPro: 1

COMMAND LINE ARGUMENTS:
C:\Program Files\Unity\Hub\Editor\2021.3.24f1\Editor\Unity.exe
-adb2
-batchMode
-noUpm
-name
AssetImportWorker2
-projectPath
C:/Users/mzlaf/Documents/VR/VR Group Project
-logFile
Logs/AssetImportWorker2.log
-srvPort
51539
Successfully changed project path to: C:/Users/mzlaf/Documents/VR/VR Group Project
C:/Users/mzlaf/Documents/VR/VR Group Project
[UnityMemory] Configuration Parameters - Can be set up in boot.config
    "memorysetup-bucket-allocator-granularity=16"
    "memorysetup-bucket-allocator-bucket-count=8"
    "memorysetup-bucket-allocator-block-size=33554432"
    "memorysetup-bucket-allocator-block-count=8"
    "memorysetup-main-allocator-block-size=16777216"
    "memorysetup-thread-allocator-block-size=16777216"
    "memorysetup-gfx-main-allocator-block-size=16777216"
    "memorysetup-gfx-thread-allocator-block-size=16777216"
    "memorysetup-cache-allocator-block-size=4194304"
    "memorysetup-typetree-allocator-block-size=2097152"
    "memorysetup-profiler-bucket-allocator-granularity=16"
    "memorysetup-profiler-bucket-allocator-bucket-count=8"
    "memorysetup-profiler-bucket-allocator-block-size=33554432"
    "memorysetup-profiler-bucket-allocator-block-count=8"
    "memorysetup-profiler-allocator-block-size=16777216"
    "memorysetup-profiler-editor-allocator-block-size=1048576"
    "memorysetup-temp-allocator-size-main=16777216"
    "memorysetup-job-temp-allocator-block-size=2097152"
    "memorysetup-job-temp-allocator-block-size-background=1048576"
    "memorysetup-job-temp-allocator-reduction-small-platforms=262144"
    "memorysetup-temp-allocator-size-background-worker=32768"
    "memorysetup-temp-allocator-size-job-worker=262144"
    "memorysetup-temp-allocator-size-preload-manager=33554432"
    "memorysetup-temp-allocator-size-nav-mesh-worker=65536"
    "memorysetup-temp-allocator-size-audio-worker=65536"
    "memorysetup-temp-allocator-size-cloud-worker=32768"
    "memorysetup-temp-allocator-size-gi-baking-worker=262144"
    "memorysetup-temp-allocator-size-gfx=262144"
Player connection [27696] Host "[IP] 192.168.56.1 [Port] 0 [Flags] 2 [Guid] 416025675 [EditorId] 416025675 [Version] 1048832 [Id] WindowsEditor(7,myrbearPC) [Debug] 1 [PackageName] WindowsEditor [ProjectName] Editor" joined multi-casting on [225.0.0.222:54997]...

Player connection [27696] Host "[IP] 192.168.56.1 [Port] 0 [Flags] 2 [Guid] 416025675 [EditorId] 416025675 [Version] 1048832 [Id] WindowsEditor(7,myrbearPC) [Debug] 1 [PackageName] WindowsEditor [ProjectName] Editor" joined alternative multi-casting on [225.0.0.222:34997]...

Refreshing native plugins compatible for Editor in 112.55 ms, found 3 plugins.
Preloading 0 native plugins for Editor in 0.00 ms.
Initialize engine version: 2021.3.24f1 (cf10dcf7010d)
[Subsystems] Discovering subsystems at path C:/Program Files/Unity/Hub/Editor/2021.3.24f1/Editor/Data/Resources/UnitySubsystems
[Subsystems] Discovering subsystems at path C:/Users/mzlaf/Documents/VR/VR Group Project/Assets
GfxDevice: creating device client; threaded=0; jobified=0
Direct3D:
    Version:  Direct3D 11.0 [level 11.1]
    Renderer: NVIDIA GeForce RTX 3060 Laptop GPU (ID=0x2520)
    Vendor:   NVIDIA
    VRAM:     6010 MB
    Driver:   31.0.15.4628
Initialize mono
Mono path[0] = 'C:/Program Files/Unity/Hub/Editor/2021.3.24f1/Editor/Data/Managed'
Mono path[1] = 'C:/Program Files/Unity/Hub/Editor/2021.3.24f1/Editor/Data/MonoBleedingEdge/lib/mono/unityjit-win32'
Mono config path = 'C:/Program Files/Unity/Hub/Editor/2021.3.24f1/Editor/Data/MonoBleedingEdge/etc'
Using monoOptions --debugger-agent=transport=dt_socket,embedding=1,server=y,suspend=n,address=127.0.0.1:56728
Begin MonoManager ReloadAssembly
Registering precompiled unity dll's ...
Register platform support module: C:/Program Files/Unity/Hub/Editor/2021.3.24f1/Editor/Data/PlaybackEngines/WebGLSupport/UnityEditor.WebGL.Extensions.dll
Register platform support module: C:/Program Files/Unity/Hub/Editor/2021.3.24f1/Editor/Data/PlaybackEngines/AndroidPlayer/UnityEditor.Android.Extensions.dll
Register platform support module: C:/Program Files/Unity/Hub/Editor/2021.3.24f1/Editor/Data/PlaybackEngines/WindowsStandaloneSupport/UnityEditor.WindowsStandalone.Extensions.dll
Registered in 0.005576 seconds.
Native extension for WindowsStandalone target not found
Native extension for Android target not found
Android Extension - Scanning For ADB Devices 483 ms
Native extension for WebGL target not found
Refreshing native plugins compatible for Editor in 95.73 ms, found 3 plugins.
Preloading 0 native plugins for Editor in 0.00 ms.
Mono: successfully reloaded assembly
- Completed reload, in  1.412 seconds
Domain Reload Profiling:
	ReloadAssembly (1413ms)
		BeginReloadAssembly (194ms)
			ExecutionOrderSort (0ms)
			DisableScriptedObjects (0ms)
			BackupInstance (0ms)
			ReleaseScriptingObjects (0ms)
			CreateAndSetChildDomain (1ms)
		EndReloadAssembly (1101ms)
			LoadAssemblies (192ms)
			RebuildTransferFunctionScriptingTraits (0ms)
			SetupTypeCache (126ms)
			ReleaseScriptCaches (0ms)
			RebuildScriptCaches (40ms)
			SetupLoadedEditorAssemblies (865ms)
				LogAssemblyErrors (0ms)
				InitializePlatformSupportModulesInManaged (600ms)
				SetLoadedEditorAssemblies (0ms)
				RefreshPlugins (96ms)
				BeforeProcessingInitializeOnLoad (3ms)
				ProcessInitializeOnLoadAttributes (119ms)
				ProcessInitializeOnLoadMethodAttributes (47ms)
				AfterProcessingInitializeOnLoad (0ms)
				EditorAssembliesLoaded (0ms)
			ExecutionOrderSort2 (0ms)
			AwakeInstancesAfterBackupRestoration (0ms)
Platform modules already initialized, skipping
Registering precompiled user dll's ...
Registered in 0.004404 seconds.
Begin MonoManager ReloadAssembly
Symbol file LoadedFromMemory doesn't match image C:\Users\mzlaf\Documents\VR\VR Group Project\Library\PackageCache\com.unity.visualscripting@1.8.0\Editor\VisualScripting.Core\Dependencies\YamlDotNet\Unity.VisualScripting.YamlDotNet.dll
Symbol file LoadedFromMemory doesn't match image C:\Users\mzlaf\Documents\VR\VR Group Project\Library\PackageCache\com.unity.visualscripting@1.8.0\Editor\VisualScripting.Core\Dependencies\DotNetZip\Unity.VisualScripting.IonicZip.dll
Native extension for WindowsStandalone target not found
Native extension for Android target not found
Native extension for WebGL target not found
Refreshing native plugins compatible for Editor in 0.57 ms, found 3 plugins.
Preloading 0 native plugins for Editor in 0.00 ms.
System.Exception: Error! Visual Scripting: couldn't find visual scripting package
  at Unity.VisualScripting.PackageVersionUtility.get_version () [0x00025] in C:\Users\mzlaf\Documents\VR\VR Group Project\Library\PackageCache\com.unity.visualscripting@1.8.0\Editor\VisualScripting.Core\Utilities\PackageVersionUtility.cs:22 
  at Unity.VisualScripting.BoltCoreManifest.get_version () [0x00000] in C:\Users\mzlaf\Documents\VR\VR Group Project\Library\PackageCache\com.unity.visualscripting@1.8.0\Editor\VisualScripting.Core\Plugin\BoltCoreManifest.cs:11 
  at Unity.VisualScripting.PluginManifest.get_currentVersion () [0x00000] in C:\Users\mzlaf\Documents\VR\VR Group Project\Library\PackageCache\com.unity.visualscripting@1.8.0\Editor\VisualScripting.Core\Plugins\PluginManifest.cs:33 
  at Unity.VisualScripting.PluginManifest.get_versionMismatch () [0x00000] in C:\Users\mzlaf\Documents\VR\VR Group Project\Library\PackageCache\com.unity.visualscripting@1.8.0\Editor\VisualScripting.Core\Plugins\PluginManifest.cs:48 
  at Unity.VisualScripting.PluginContainer.Initialize () [0x0057d] in C:\Users\mzlaf\Documents\VR\VR Group Project\Library\PackageCache\com.unity.visualscripting@1.8.0\Editor\VisualScripting.Core\Plugins\PluginContainer.cs:208 
  at Unity.VisualScripting.PluginContainer.InitializeOnLoad () [0x00012] in C:\Users\mzlaf\Documents\VR\VR Group Project\Library\PackageCache\com.unity.visualscripting@1.8.0\Editor\VisualScripting.Core\Plugins\PluginContainer.cs:32 
  at Unity.VisualScripting.VSUsageUtility.DoInitializeOnLoadCalls () [0x00044] in C:\Users\mzlaf\Documents\VR\VR Group Project\Library\PackageCache\com.unity.visualscripting@1.8.0\Editor\VisualScripting.Core\Utilities\VSUsageUtility.cs:76 
  at Unity.VisualScripting.VSUsageUtility.set_isVisualScriptingUsed (System.Boolean value) [0x00037] in C:\Users\mzlaf\Documents\VR\VR Group Project\Library\PackageCache\com.unity.visualscripting@1.8.0\Editor\VisualScripting.Core\Utilities\VSUsageUtility.cs:114 
  at Unity.VisualScripting.VSUsageUtility.CheckAndSetIsVisualScriptingUsed () [0x0003f] in C:\Users\mzlaf\Documents\VR\VR Group Project\Library\PackageCache\com.unity.visualscripting@1.8.0\Editor\VisualScripting.Core\Utilities\VSUsageUtility.cs:48 
  at Unity.VisualScripting.VSUsageUtility..cctor () [0x0000d] in C:\Users\mzlaf\Documents\VR\VR Group Project\Library\PackageCache\com.unity.visualscripting@1.8.0\Editor\VisualScripting.Core\Utilities\VSUsageUtility.cs:22 
UnityEngine.StackTraceUtility:ExtractStackTrace ()
UnityEngine.DebugLogHandler:LogFormat (UnityEngine.LogType,UnityEngine.Object,string,object[])
UnityEngine.Logger:Log (UnityEngine.LogType,object)
UnityEngine.Debug:LogError (object)
UnityEditor.EditorAssemblies:ProcessInitializeOnLoadAttributes (System.Type[])

Mono: successfully reloaded assembly
- Completed reload, in  1.597 seconds
Domain Reload Profiling:
	ReloadAssembly (1598ms)
		BeginReloadAssembly (135ms)
			ExecutionOrderSort (0ms)
			DisableScriptedObjects (8ms)
			BackupInstance (0ms)
			ReleaseScriptingObjects (0ms)
			CreateAndSetChildDomain (24ms)
		EndReloadAssembly (1335ms)
			LoadAssemblies (96ms)
			RebuildTransferFunctionScriptingTraits (0ms)
			SetupTypeCache (312ms)
			ReleaseScriptCaches (0ms)
			RebuildScriptCaches (58ms)
			SetupLoadedEditorAssemblies (804ms)
				LogAssemblyErrors (0ms)
				InitializePlatformSupportModulesInManaged (22ms)
				SetLoadedEditorAssemblies (1ms)
				RefreshPlugins (1ms)
				BeforeProcessingInitializeOnLoad (85ms)
				ProcessInitializeOnLoadAttributes (670ms)
				ProcessInitializeOnLoadMethodAttributes (21ms)
				AfterProcessingInitializeOnLoad (5ms)
				EditorAssembliesLoaded (0ms)
			ExecutionOrderSort2 (0ms)
			AwakeInstancesAfterBackupRestoration (8ms)
Platform modules already initialized, skipping
========================================================================
Worker process is ready to serve import requests
Launched and connected shader compiler UnityShaderCompiler.exe after 0.07 seconds
Refreshing native plugins compatible for Editor in 0.89 ms, found 3 plugins.
Preloading 0 native plugins for Editor in 0.00 ms.
Unloading 3102 Unused Serialized files (Serialized files now loaded: 0)
Unloading 24 unused Assets / (114.8 KB). Loaded Objects now: 3566.
Memory consumption went from 117.6 MB to 117.5 MB.
Total: 14.842300 ms (FindLiveObjects: 0.292200 ms CreateObjectMapping: 0.163300 ms MarkObjects: 14.226200 ms  DeleteObjects: 0.158400 ms)

AssetImportParameters requested are different than current active one (requested -> active):
  custom:video-decoder-ogg-theora: a1e56fd34408186e4bbccfd4996cb3dc -> 
  custom:container-muxer-webm: aa71ff27fc2769a1b78a27578f13a17b -> 
  custom:container-demuxer-webm: 4f35f7cbe854078d1ac9338744f61a02 -> 
  custom:video-encoder-webm-vp8: eb34c28f22e8b96e1ab97ce403110664 -> 
  custom:video-codec-MediaFoundation-h265: 746d11721c4dcdbdad8f713fa42b33f4 -> 
  custom:audio-encoder-webm-vorbis: bf7c407c2cedff20999df2af8eb42d56 -> 
  custom:framework-win-MediaFoundation: 216162199b28c13a410421893ffa2e32 -> 
  custom:container-demuxer-ogg: 62fdf1f143b41e24485cea50d1cbac27 -> 
  custom:video-decoder-webm-vp8: 9c59270c3fd7afecdb556c50c9e8de78 -> 
  custom:audio-decoder-ogg-vorbis: bf7c407c2cedff20999df2af8eb42d56 -> 
========================================================================
Received Import Request.
  Time since last request: 387266.773907 seconds.
  path: Assets/Blockout/Models
  artifactKey: Guid(ca4c20a4d3580c1419f34ec69ce8c044) Importer(815301076,1909f56bfc062723c751e8b465ee728b)
Start importing Assets/Blockout/Models using Guid(ca4c20a4d3580c1419f34ec69ce8c044) Importer(815301076,1909f56bfc062723c751e8b465ee728b)  -> (artifact id: '987a8b76e7a117a56ad6052e68cdcc67') in 0.025048 seconds 
========================================================================
Received Import Request.
  Time since last request: 0.080996 seconds.
  path: Assets/Blockout/Models/Abstact_Floating_2x2x2.fbx
  artifactKey: Guid(5c47a30b92b7b3f4f95868a84f2c0c6a) Importer(815301076,1909f56bfc062723c751e8b465ee728b)
Start importing Assets/Blockout/Models/Abstact_Floating_2x2x2.fbx using Guid(5c47a30b92b7b3f4f95868a84f2c0c6a) Importer(815301076,1909f56bfc062723c751e8b465ee728b)  -> (artifact id: 'c0c114992cf6aa5d48e701b124ad78e9') in 0.409417 seconds 
========================================================================
Received Import Request.
  Time since last request: 0.000029 seconds.
  path: Assets/Blockout/Models/Block_1x1x1.fbx
  artifactKey: Guid(0fc17b29a149c7a459c5621706223bc2) Importer(815301076,1909f56bfc062723c751e8b465ee728b)
Start importing Assets/Blockout/Models/Block_1x1x1.fbx using Guid(0fc17b29a149c7a459c5621706223bc2) Importer(815301076,1909f56bfc062723c751e8b465ee728b)  -> (artifact id: '412a674c81471fae0aa346f0135c5d21') in 0.033269 seconds 
========================================================================
Received Import Request.
  Time since last request: 0.000047 seconds.
  path: Assets/Blockout/Models/Abstarct_Gate_3.fbx
  artifactKey: Guid(9606042e29773ba4587b6c478f6fdd27) Importer(815301076,1909f56bfc062723c751e8b465ee728b)
Start importing Assets/Blockout/Models/Abstarct_Gate_3.fbx using Guid(9606042e29773ba4587b6c478f6fdd27) Importer(815301076,1909f56bfc062723c751e8b465ee728b)  -> (artifact id: '0821e85ea2d0f95b0b83395fd9a15c0f') in 0.037387 seconds 
========================================================================
Received Import Request.
  Time since last request: 0.000020 seconds.
  path: Assets/Blockout/Models/Block_4x05x05.fbx
  artifactKey: Guid(4d7f19c50cd6e964092359e0a301819b) Importer(815301076,1909f56bfc062723c751e8b465ee728b)
Start importing Assets/Blockout/Models/Block_4x05x05.fbx using Guid(4d7f19c50cd6e964092359e0a301819b) Importer(815301076,1909f56bfc062723c751e8b465ee728b)  -> (artifact id: '7f3c1cf180e03d481096b2308d13d381') in 0.031331 seconds 
========================================================================
Received Import Request.
  Time since last request: 0.000024 seconds.
  path: Assets/Blockout/Models/Block_3x05x05.fbx
  artifactKey: Guid(611ea8bad2777af4a8ab5dc2207d165e) Importer(815301076,1909f56bfc062723c751e8b465ee728b)
Start importing Assets/Blockout/Models/Block_3x05x05.fbx using Guid(611ea8bad2777af4a8ab5dc2207d165e) Importer(815301076,1909f56bfc062723c751e8b465ee728b)  -> (artifact id: '20765f98714857ec0578c1c37b067f3a') in 0.034775 seconds 
========================================================================
Received Import Request.
  Time since last request: 0.000043 seconds.
  path: Assets/Blockout/Models/Block_1x3x2.fbx
  artifactKey: Guid(c962ed9526a74ce4d8dec42e9c5cfc19) Importer(815301076,1909f56bfc062723c751e8b465ee728b)
Start importing Assets/Blockout/Models/Block_1x3x2.fbx using Guid(c962ed9526a74ce4d8dec42e9c5cfc19) Importer(815301076,1909f56bfc062723c751e8b465ee728b)  -> (artifact id: 'd02a84c9881c9991c55a4b3a0bdd95af') in 0.027858 seconds 
========================================================================
Received Import Request.
  Time since last request: 0.000023 seconds.
  path: Assets/Blockout/Models/Block_2x2x2.fbx
  artifactKey: Guid(e25f825b8d167874a92ba1e76f2bbfa4) Importer(815301076,1909f56bfc062723c751e8b465ee728b)
Start importing Assets/Blockout/Models/Block_2x2x2.fbx using Guid(e25f825b8d167874a92ba1e76f2bbfa4) Importer(815301076,1909f56bfc062723c751e8b465ee728b)  -> (artifact id: 'bbced0fc722ec6f8ceaf131f1a3741bf') in 0.026816 seconds 
========================================================================
Received Import Request.
  Time since last request: 0.243686 seconds.
  path: Assets/Blockout/Models/Block_05x3x05.fbx
  artifactKey: Guid(1f4b30ad4bf91f046907f14a894840c2) Importer(815301076,1909f56bfc062723c751e8b465ee728b)
Start importing Assets/Blockout/Models/Block_05x3x05.fbx using Guid(1f4b30ad4bf91f046907f14a894840c2) Importer(815301076,1909f56bfc062723c751e8b465ee728b)  -> (artifact id: '0807bb0a76f526ed8abee8ae74f827ff') in 0.046416 seconds 
========================================================================
Received Import Request.
  Time since last request: 0.000023 seconds.
  path: Assets/Blockout/Models/Block_Bend_05x1x2.fbx
  artifactKey: Guid(d5c14654fba2c8a4485018e05e129623) Importer(815301076,1909f56bfc062723c751e8b465ee728b)
Start importing Assets/Blockout/Models/Block_Bend_05x1x2.fbx using Guid(d5c14654fba2c8a4485018e05e129623) Importer(815301076,1909f56bfc062723c751e8b465ee728b)  -> (artifact id: '0c0b93b652e5e5d5ed455b1230629d39') in 0.036674 seconds 
========================================================================
Received Import Request.
  Time since last request: 0.000022 seconds.
  path: Assets/Blockout/Models/Block_Bend_05x2x05.fbx
  artifactKey: Guid(e0f72843c86961d4382d614c7b597cbf) Importer(815301076,1909f56bfc062723c751e8b465ee728b)
Start importing Assets/Blockout/Models/Block_Bend_05x2x05.fbx using Guid(e0f72843c86961d4382d614c7b597cbf) Importer(815301076,1909f56bfc062723c751e8b465ee728b)  -> (artifact id: '46a83ef26e5d6f9406691c01ae0c2eb9') in 0.031109 seconds 
========================================================================
Received Import Request.
  Time since last request: 0.000032 seconds.
  path: Assets/Blockout/Models/Block_Bend_05x3x3.fbx
  artifactKey: Guid(7623b01e237694149b7689ac7febf5df) Importer(815301076,1909f56bfc062723c751e8b465ee728b)
Start importing Assets/Blockout/Models/Block_Bend_05x3x3.fbx using Guid(7623b01e237694149b7689ac7febf5df) Importer(815301076,1909f56bfc062723c751e8b465ee728b)  -> (artifact id: 'b06185e98f1949242bca0ab4a823a4de') in 0.033655 seconds 
========================================================================
Received Import Request.
  Time since last request: 0.000021 seconds.
  path: Assets/Blockout/Models/Block_Bend_05x4x3.fbx
  artifactKey: Guid(774998bc617cb0345aa65e4050fe5a86) Importer(815301076,1909f56bfc062723c751e8b465ee728b)
Start importing Assets/Blockout/Models/Block_Bend_05x4x3.fbx using Guid(774998bc617cb0345aa65e4050fe5a86) Importer(815301076,1909f56bfc062723c751e8b465ee728b)  -> (artifact id: '60d6f4d10ee05d70165d3cdf87c2236e') in 0.031626 seconds 
========================================================================
Received Import Request.
  Time since last request: 0.000022 seconds.
  path: Assets/Blockout/Models/Block_Bend_05x3x05.fbx
  artifactKey: Guid(3491bf9444c27854a84169a9fd5af4ca) Importer(815301076,1909f56bfc062723c751e8b465ee728b)
Start importing Assets/Blockout/Models/Block_Bend_05x3x05.fbx using Guid(3491bf9444c27854a84169a9fd5af4ca) Importer(815301076,1909f56bfc062723c751e8b465ee728b)  -> (artifact id: '867f0b73fb527d59ea5a55f562e60259') in 0.029200 seconds 
========================================================================
Received Import Request.
  Time since last request: 0.000030 seconds.
  path: Assets/Blockout/Models/Block_Bend_Alt1_1x2x1.fbx
  artifactKey: Guid(d9a6831a2cf5fdc4e9f547e231c56423) Importer(815301076,1909f56bfc062723c751e8b465ee728b)
Start importing Assets/Blockout/Models/Block_Bend_Alt1_1x2x1.fbx using Guid(d9a6831a2cf5fdc4e9f547e231c56423) Importer(815301076,1909f56bfc062723c751e8b465ee728b)  -> (artifact id: '1fac59bb79c7b77b917b6fcfa9046596') in 0.027570 seconds 
========================================================================
Received Import Request.
  Time since last request: 0.000020 seconds.
  path: Assets/Blockout/Models/Block_Bend_Alt1_1x3x3.fbx
  artifactKey: Guid(5f77a21de733a5b44b877759c98bc870) Importer(815301076,1909f56bfc062723c751e8b465ee728b)
Start importing Assets/Blockout/Models/Block_Bend_Alt1_1x3x3.fbx using Guid(5f77a21de733a5b44b877759c98bc870) Importer(815301076,1909f56bfc062723c751e8b465ee728b)  -> (artifact id: '57b4f836279d0994bba230ed43536fdc') in 0.030060 seconds 
========================================================================
Received Import Request.
  Time since last request: 0.000022 seconds.
  path: Assets/Blockout/Models/Block_Bend_05x3x1.fbx
  artifactKey: Guid(7eebea37b1dd9534e8db83bda47e657b) Importer(815301076,1909f56bfc062723c751e8b465ee728b)
Start importing Assets/Blockout/Models/Block_Bend_05x3x1.fbx using Guid(7eebea37b1dd9534e8db83bda47e657b) Importer(815301076,1909f56bfc062723c751e8b465ee728b)  -> (artifact id: '3cf6cabacdc83866494d23dc0bc31514') in 0.030624 seconds 
========================================================================
Received Import Request.
  Time since last request: 0.337628 seconds.
  path: Assets/Blockout/Models/Block_Bend_Alt1_05x4x1.fbx
  artifactKey: Guid(8a3ada0f09ea81e468973df343fcd99e) Importer(815301076,1909f56bfc062723c751e8b465ee728b)
Start importing Assets/Blockout/Models/Block_Bend_Alt1_05x4x1.fbx using Guid(8a3ada0f09ea81e468973df343fcd99e) Importer(815301076,1909f56bfc062723c751e8b465ee728b)  -> (artifact id: 'f5913ad1d8f110951566928766131c5a') in 0.086920 seconds 
========================================================================
Received Import Request.
  Time since last request: 0.000021 seconds.
  path: Assets/Blockout/Models/Block_Corner_Cap_T2_1x05x1.fbx
  artifactKey: Guid(27bc9c60897084c429113f332050df5e) Importer(815301076,1909f56bfc062723c751e8b465ee728b)
Start importing Assets/Blockout/Models/Block_Corner_Cap_T2_1x05x1.fbx using Guid(27bc9c60897084c429113f332050df5e) Importer(815301076,1909f56bfc062723c751e8b465ee728b)  -> (artifact id: 'ba047a460d17116dfb539cb9b556741a') in 0.031119 seconds 
========================================================================
Received Import Request.
  Time since last request: 0.000024 seconds.
  path: Assets/Blockout/Models/Block_Corner_Cap_T1_1x05x1.fbx
  artifactKey: Guid(a838fcaa0df0b6d439be149f97f6166f) Importer(815301076,1909f56bfc062723c751e8b465ee728b)
Start importing Assets/Blockout/Models/Block_Corner_Cap_T1_1x05x1.fbx using Guid(a838fcaa0df0b6d439be149f97f6166f) Importer(815301076,1909f56bfc062723c751e8b465ee728b)  -> (artifact id: '995e4e328b4407afcc52fc9f835e8a32') in 0.035868 seconds 
========================================================================
Received Import Request.
  Time since last request: 0.000022 seconds.
  path: Assets/Blockout/Models/Block_Cap_T2_1x05x1.fbx
  artifactKey: Guid(e48719a085236ef44b158ed48a0cb672) Importer(815301076,1909f56bfc062723c751e8b465ee728b)
Start importing Assets/Blockout/Models/Block_Cap_T2_1x05x1.fbx using Guid(e48719a085236ef44b158ed48a0cb672) Importer(815301076,1909f56bfc062723c751e8b465ee728b)  -> (artifact id: '217813cf0c0dc34aab2973f74bccf2c4') in 0.026241 seconds 
========================================================================
Received Import Request.
  Time since last request: 0.000027 seconds.
  path: Assets/Blockout/Models/Block_Corner_Cap_T2_1x1x1.fbx
  artifactKey: Guid(0db26e819e1ec5747b5183e95dcfad2f) Importer(815301076,1909f56bfc062723c751e8b465ee728b)
Start importing Assets/Blockout/Models/Block_Corner_Cap_T2_1x1x1.fbx using Guid(0db26e819e1ec5747b5183e95dcfad2f) Importer(815301076,1909f56bfc062723c751e8b465ee728b)  -> (artifact id: 'd52e66a9676079305b2241ccf86c29f9') in 0.027464 seconds 
========================================================================
Received Import Request.
  Time since last request: 0.243182 seconds.
  path: Assets/Blockout/Models/Block_Corner_T1_05x1x05.fbx
  artifactKey: Guid(6d8722a24c490ef43af83ede5925b315) Importer(815301076,1909f56bfc062723c751e8b465ee728b)
Start importing Assets/Blockout/Models/Block_Corner_T1_05x1x05.fbx using Guid(6d8722a24c490ef43af83ede5925b315) Importer(815301076,1909f56bfc062723c751e8b465ee728b)  -> (artifact id: 'e19ab915fc693cccf5696de96d303c19') in 0.059471 seconds 
========================================================================
Received Import Request.
  Time since last request: 0.000029 seconds.
  path: Assets/Blockout/Models/Block_Corner_T2_02x1x05.fbx
  artifactKey: Guid(790b767ca40ada043af890a6da948541) Importer(815301076,1909f56bfc062723c751e8b465ee728b)
Start importing Assets/Blockout/Models/Block_Corner_T2_02x1x05.fbx using Guid(790b767ca40ada043af890a6da948541) Importer(815301076,1909f56bfc062723c751e8b465ee728b)  -> (artifact id: 'ebc84d1a2d86b72aeea576b5bc9af260') in 0.036538 seconds 
========================================================================
Received Import Request.
  Time since last request: 0.000021 seconds.
  path: Assets/Blockout/Models/Block_Corner_T2_1x4x1.fbx
  artifactKey: Guid(6c3cd9a4f571b504094865bcd91db988) Importer(815301076,1909f56bfc062723c751e8b465ee728b)
Start importing Assets/Blockout/Models/Block_Corner_T2_1x4x1.fbx using Guid(6c3cd9a4f571b504094865bcd91db988) Importer(815301076,1909f56bfc062723c751e8b465ee728b)  -> (artifact id: '709bd63457d90939f6367248f8f4b479') in 0.035407 seconds 
========================================================================
Received Import Request.
  Time since last request: 0.000020 seconds.
  path: Assets/Blockout/Models/Block_Corner_T2_1x1x1.fbx
  artifactKey: Guid(2f638b73a92e313478d5a1cea5aaf7f0) Importer(815301076,1909f56bfc062723c751e8b465ee728b)
Start importing Assets/Blockout/Models/Block_Corner_T2_1x1x1.fbx using Guid(2f638b73a92e313478d5a1cea5aaf7f0) Importer(815301076,1909f56bfc062723c751e8b465ee728b)  -> (artifact id: '40a8f30aacada0dea64faab0c90a5185') in 0.029588 seconds 
========================================================================
Received Import Request.
  Time since last request: 0.000023 seconds.
  path: Assets/Blockout/Models/Block_Corner_T3_1x2x1.fbx
  artifactKey: Guid(b463cb26026b36748bfea0a7b9c6f60f) Importer(815301076,1909f56bfc062723c751e8b465ee728b)
Start importing Assets/Blockout/Models/Block_Corner_T3_1x2x1.fbx using Guid(b463cb26026b36748bfea0a7b9c6f60f) Importer(815301076,1909f56bfc062723c751e8b465ee728b)  -> (artifact id: '4ba51f4589d34d156a649c17af85b87a') in 0.032475 seconds 
========================================================================
Received Import Request.
  Time since last request: 0.000038 seconds.
  path: Assets/Blockout/Models/Block_Corner_T3_1x3x1.fbx
  artifactKey: Guid(12240fe87bb6687448b7343f615f480b) Importer(815301076,1909f56bfc062723c751e8b465ee728b)
Start importing Assets/Blockout/Models/Block_Corner_T3_1x3x1.fbx using Guid(12240fe87bb6687448b7343f615f480b) Importer(815301076,1909f56bfc062723c751e8b465ee728b)  -> (artifact id: '0060cb52c22a88310f9b5201e7b2c050') in 0.026563 seconds 
========================================================================
Received Import Request.
  Time since last request: 0.508317 seconds.
  path: Assets/Blockout/Models/Block_Corner_T3_05x3x05.fbx
  artifactKey: Guid(1ce5fdfdc3510d545ae28e32afb70180) Importer(815301076,1909f56bfc062723c751e8b465ee728b)
Start importing Assets/Blockout/Models/Block_Corner_T3_05x3x05.fbx using Guid(1ce5fdfdc3510d545ae28e32afb70180) Importer(815301076,1909f56bfc062723c751e8b465ee728b)  -> (artifact id: 'd87d7130e0cbba65a32fb622b6073099') in 0.070577 seconds 
========================================================================
Received Import Request.
  Time since last request: 0.000035 seconds.
  path: Assets/Blockout/Models/Block_Corner_T4_1x1x006.fbx
  artifactKey: Guid(ff1e852373be69344a0226aa165dff9a) Importer(815301076,1909f56bfc062723c751e8b465ee728b)
Start importing Assets/Blockout/Models/Block_Corner_T4_1x1x006.fbx using Guid(ff1e852373be69344a0226aa165dff9a) Importer(815301076,1909f56bfc062723c751e8b465ee728b)  -> (artifact id: 'd3a0d09ac54838a507ec15724371508e') in 0.040735 seconds 
========================================================================
Received Import Request.
  Time since last request: 0.000030 seconds.
  path: Assets/Blockout/Models/Block_Corner_T4_1x1x004.fbx
  artifactKey: Guid(0a64eec872daa6a479fae86e3da0f25e) Importer(815301076,1909f56bfc062723c751e8b465ee728b)
Start importing Assets/Blockout/Models/Block_Corner_T4_1x1x004.fbx using Guid(0a64eec872daa6a479fae86e3da0f25e) Importer(815301076,1909f56bfc062723c751e8b465ee728b)  -> (artifact id: 'f93aa46baca3528b543a8f95c2836d2d') in 0.031720 seconds 
========================================================================
Received Import Request.
  Time since last request: 0.000026 seconds.
  path: Assets/Blockout/Models/Block_Corner_T5_1x2x1.fbx
  artifactKey: Guid(22a8ff5d4c343c948896050cf1f0cb4d) Importer(815301076,1909f56bfc062723c751e8b465ee728b)
Start importing Assets/Blockout/Models/Block_Corner_T5_1x2x1.fbx using Guid(22a8ff5d4c343c948896050cf1f0cb4d) Importer(815301076,1909f56bfc062723c751e8b465ee728b)  -> (artifact id: '0d417eeadc9d38710fd2ef1f247ecda9') in 0.025498 seconds 
========================================================================
Received Import Request.
  Time since last request: 0.000021 seconds.
  path: Assets/Blockout/Models/Block_Corner_T4_1x1x007.fbx
  artifactKey: Guid(e747d58a12e13844f9ae44d5afc2d1c8) Importer(815301076,1909f56bfc062723c751e8b465ee728b)
Start importing Assets/Blockout/Models/Block_Corner_T4_1x1x007.fbx using Guid(e747d58a12e13844f9ae44d5afc2d1c8) Importer(815301076,1909f56bfc062723c751e8b465ee728b)  -> (artifact id: 'ac2bc74c05b66eb38e3b9c4eeb740521') in 0.029870 seconds 
========================================================================
Received Import Request.
  Time since last request: 0.000021 seconds.
  path: Assets/Blockout/Models/Block_Corner_T4_1x1x005.fbx
  artifactKey: Guid(ffe52b940a5c7944692425efe4dbac92) Importer(815301076,1909f56bfc062723c751e8b465ee728b)
Start importing Assets/Blockout/Models/Block_Corner_T4_1x1x005.fbx using Guid(ffe52b940a5c7944692425efe4dbac92) Importer(815301076,1909f56bfc062723c751e8b465ee728b)  -> (artifact id: '2b48e1c8f0e1219fe6a4172a31747432') in 0.026731 seconds 
========================================================================
Received Import Request.
  Time since last request: 0.537491 seconds.
  path: Assets/Blockout/Models/Block_Inner_Corner_T2_1x3x1.fbx
  artifactKey: Guid(cebf23919ee59e44d91d01b6bc327e87) Importer(815301076,1909f56bfc062723c751e8b465ee728b)
Start importing Assets/Blockout/Models/Block_Inner_Corner_T2_1x3x1.fbx using Guid(cebf23919ee59e44d91d01b6bc327e87) Importer(815301076,1909f56bfc062723c751e8b465ee728b)  -> (artifact id: '7f51d4ac353118b7f4901f277bcaca00') in 0.040054 seconds 
========================================================================
Received Import Request.
  Time since last request: 0.000030 seconds.
  path: Assets/Blockout/Models/Block_Inner_Corner_T3_1x2x1.fbx
  artifactKey: Guid(ea7b2dfc186c0ff418a15970ba2df953) Importer(815301076,1909f56bfc062723c751e8b465ee728b)
Start importing Assets/Blockout/Models/Block_Inner_Corner_T3_1x2x1.fbx using Guid(ea7b2dfc186c0ff418a15970ba2df953) Importer(815301076,1909f56bfc062723c751e8b465ee728b)  -> (artifact id: '59dddefaa2dbafebb7d875ace063da21') in 0.042755 seconds 
========================================================================
Received Import Request.
  Time since last request: 0.000023 seconds.
  path: Assets/Blockout/Models/Block_Mound_1x1x1.fbx
  artifactKey: Guid(1882a317bb211d54db2004c7efcdc325) Importer(815301076,1909f56bfc062723c751e8b465ee728b)
Start importing Assets/Blockout/Models/Block_Mound_1x1x1.fbx using Guid(1882a317bb211d54db2004c7efcdc325) Importer(815301076,1909f56bfc062723c751e8b465ee728b)  -> (artifact id: '49f85ba6e78a8b0646c3b8c6bcf86ea6') in 0.028229 seconds 
========================================================================
Received Import Request.
  Time since last request: 0.000022 seconds.
  path: Assets/Blockout/Models/Block_Pillar_T2_1x1x1.fbx
  artifactKey: Guid(bd6a15f510e95b1429bfdfbd4ea0eff6) Importer(815301076,1909f56bfc062723c751e8b465ee728b)
Start importing Assets/Blockout/Models/Block_Pillar_T2_1x1x1.fbx using Guid(bd6a15f510e95b1429bfdfbd4ea0eff6) Importer(815301076,1909f56bfc062723c751e8b465ee728b)  -> (artifact id: '781901de85dec87dc664e517c1981d38') in 0.030710 seconds 
========================================================================
Received Import Request.
  Time since last request: 0.000020 seconds.
  path: Assets/Blockout/Models/Block_Pillar_T2_1x3x1.fbx
  artifactKey: Guid(2cd3b746fc45cc043bc6b0323ab2bb61) Importer(815301076,1909f56bfc062723c751e8b465ee728b)
Start importing Assets/Blockout/Models/Block_Pillar_T2_1x3x1.fbx using Guid(2cd3b746fc45cc043bc6b0323ab2bb61) Importer(815301076,1909f56bfc062723c751e8b465ee728b)  -> (artifact id: 'ea2817686235011c252d9bb02640db15') in 0.029104 seconds 
========================================================================
Received Import Request.
  Time since last request: 0.000035 seconds.
  path: Assets/Blockout/Models/Block_Pillar_T2_1x2x1.fbx
  artifactKey: Guid(e18b17f94a5e35b43a356933c9565afe) Importer(815301076,1909f56bfc062723c751e8b465ee728b)
Start importing Assets/Blockout/Models/Block_Pillar_T2_1x2x1.fbx using Guid(e18b17f94a5e35b43a356933c9565afe) Importer(815301076,1909f56bfc062723c751e8b465ee728b)  -> (artifact id: 'c9a1e621708a3e90ae906fb64f9ac9b7') in 0.027273 seconds 
========================================================================
Received Import Request.
  Time since last request: 0.616184 seconds.
  path: Assets/Blockout/Models/Block_Pillar_T3_1x2x1.fbx
  artifactKey: Guid(37135697f3faa1c44a325f95c57750b4) Importer(815301076,1909f56bfc062723c751e8b465ee728b)
Start importing Assets/Blockout/Models/Block_Pillar_T3_1x2x1.fbx using Guid(37135697f3faa1c44a325f95c57750b4) Importer(815301076,1909f56bfc062723c751e8b465ee728b)  -> (artifact id: '04c4cb9321a6e454d2f4221f9f4aa8cf') in 0.044484 seconds 
========================================================================
Received Import Request.
  Time since last request: 0.000024 seconds.
  path: Assets/Blockout/Models/Block_Piramid_T1_1x2x1.fbx
  artifactKey: Guid(eba70c53c2de06742a6334016afdd6ef) Importer(815301076,1909f56bfc062723c751e8b465ee728b)
Start importing Assets/Blockout/Models/Block_Piramid_T1_1x2x1.fbx using Guid(eba70c53c2de06742a6334016afdd6ef) Importer(815301076,1909f56bfc062723c751e8b465ee728b)  -> (artifact id: '665dbdf740ed76f37db5ef0b213cc4f7') in 0.031540 seconds 
========================================================================
Received Import Request.
  Time since last request: 0.000030 seconds.
  path: Assets/Blockout/Models/Block_Piramid_T1_1x05x1.fbx
  artifactKey: Guid(62bf07daf3b47cd40a9038976626ed42) Importer(815301076,1909f56bfc062723c751e8b465ee728b)
Start importing Assets/Blockout/Models/Block_Piramid_T1_1x05x1.fbx using Guid(62bf07daf3b47cd40a9038976626ed42) Importer(815301076,1909f56bfc062723c751e8b465ee728b)  -> (artifact id: 'df81d80e928a474ea8db7f1956008b60') in 0.036442 seconds 
Editor requested this worker to shutdown with reason: Scaling down because of idle timeout
AssetImportWorker is now disconnected from the server
Process exiting
Exiting without the bug reporter. Application will terminate with return code 0