Using pre-set license
Built from '2021.3/staging' branch; Version is '2021.3.24f1 (cf10dcf7010d) revision 13570268'; Using compiler version '192829333'; Build Type 'Release'
OS: 'Windows 11  (10.0.22621) 64bit Core' Language: 'en' Physical Memory: 16005 MB
BatchMode: 1, IsHumanControllingUs: 0, StartBugReporterOnCrash: 0, Is64bit: 1, IsPro: 1

COMMAND LINE ARGUMENTS:
C:\Program Files\Unity\Hub\Editor\2021.3.24f1\Editor\Unity.exe
-adb2
-batchMode
-noUpm
-name
AssetImportWorker3
-projectPath
C:/Users/mzlaf/Documents/VR/VR Group Project
-logFile
Logs/AssetImportWorker3.log
-srvPort
51539
Successfully changed project path to: C:/Users/mzlaf/Documents/VR/VR Group Project
C:/Users/mzlaf/Documents/VR/VR Group Project
[UnityMemory] Configuration Parameters - Can be set up in boot.config
    "memorysetup-bucket-allocator-granularity=16"
    "memorysetup-bucket-allocator-bucket-count=8"
    "memorysetup-bucket-allocator-block-size=33554432"
    "memorysetup-bucket-allocator-block-count=8"
    "memorysetup-main-allocator-block-size=16777216"
    "memorysetup-thread-allocator-block-size=16777216"
    "memorysetup-gfx-main-allocator-block-size=16777216"
    "memorysetup-gfx-thread-allocator-block-size=16777216"
    "memorysetup-cache-allocator-block-size=4194304"
    "memorysetup-typetree-allocator-block-size=2097152"
    "memorysetup-profiler-bucket-allocator-granularity=16"
    "memorysetup-profiler-bucket-allocator-bucket-count=8"
    "memorysetup-profiler-bucket-allocator-block-size=33554432"
    "memorysetup-profiler-bucket-allocator-block-count=8"
    "memorysetup-profiler-allocator-block-size=16777216"
    "memorysetup-profiler-editor-allocator-block-size=1048576"
    "memorysetup-temp-allocator-size-main=16777216"
    "memorysetup-job-temp-allocator-block-size=2097152"
    "memorysetup-job-temp-allocator-block-size-background=1048576"
    "memorysetup-job-temp-allocator-reduction-small-platforms=262144"
    "memorysetup-temp-allocator-size-background-worker=32768"
    "memorysetup-temp-allocator-size-job-worker=262144"
    "memorysetup-temp-allocator-size-preload-manager=33554432"
    "memorysetup-temp-allocator-size-nav-mesh-worker=65536"
    "memorysetup-temp-allocator-size-audio-worker=65536"
    "memorysetup-temp-allocator-size-cloud-worker=32768"
    "memorysetup-temp-allocator-size-gi-baking-worker=262144"
    "memorysetup-temp-allocator-size-gfx=262144"
Player connection [16000] Host "[IP] 192.168.56.1 [Port] 0 [Flags] 2 [Guid] 2352911962 [EditorId] 2352911962 [Version] 1048832 [Id] WindowsEditor(7,myrbearPC) [Debug] 1 [PackageName] WindowsEditor [ProjectName] Editor" joined multi-casting on [225.0.0.222:54997]...

Player connection [16000] Host "[IP] 192.168.56.1 [Port] 0 [Flags] 2 [Guid] 2352911962 [EditorId] 2352911962 [Version] 1048832 [Id] WindowsEditor(7,myrbearPC) [Debug] 1 [PackageName] WindowsEditor [ProjectName] Editor" joined alternative multi-casting on [225.0.0.222:34997]...

Refreshing native plugins compatible for Editor in 114.06 ms, found 3 plugins.
Preloading 0 native plugins for Editor in 0.00 ms.
Initialize engine version: 2021.3.24f1 (cf10dcf7010d)
[Subsystems] Discovering subsystems at path C:/Program Files/Unity/Hub/Editor/2021.3.24f1/Editor/Data/Resources/UnitySubsystems
[Subsystems] Discovering subsystems at path C:/Users/mzlaf/Documents/VR/VR Group Project/Assets
GfxDevice: creating device client; threaded=0; jobified=0
Direct3D:
    Version:  Direct3D 11.0 [level 11.1]
    Renderer: NVIDIA GeForce RTX 3060 Laptop GPU (ID=0x2520)
    Vendor:   NVIDIA
    VRAM:     6010 MB
    Driver:   31.0.15.4628
Initialize mono
Mono path[0] = 'C:/Program Files/Unity/Hub/Editor/2021.3.24f1/Editor/Data/Managed'
Mono path[1] = 'C:/Program Files/Unity/Hub/Editor/2021.3.24f1/Editor/Data/MonoBleedingEdge/lib/mono/unityjit-win32'
Mono config path = 'C:/Program Files/Unity/Hub/Editor/2021.3.24f1/Editor/Data/MonoBleedingEdge/etc'
Using monoOptions --debugger-agent=transport=dt_socket,embedding=1,server=y,suspend=n,address=127.0.0.1:56676
Begin MonoManager ReloadAssembly
Registering precompiled unity dll's ...
Register platform support module: C:/Program Files/Unity/Hub/Editor/2021.3.24f1/Editor/Data/PlaybackEngines/WebGLSupport/UnityEditor.WebGL.Extensions.dll
Register platform support module: C:/Program Files/Unity/Hub/Editor/2021.3.24f1/Editor/Data/PlaybackEngines/AndroidPlayer/UnityEditor.Android.Extensions.dll
Register platform support module: C:/Program Files/Unity/Hub/Editor/2021.3.24f1/Editor/Data/PlaybackEngines/WindowsStandaloneSupport/UnityEditor.WindowsStandalone.Extensions.dll
Registered in 0.007126 seconds.
Native extension for WindowsStandalone target not found
Native extension for Android target not found
Android Extension - Scanning For ADB Devices 480 ms
Native extension for WebGL target not found
Refreshing native plugins compatible for Editor in 95.90 ms, found 3 plugins.
Preloading 0 native plugins for Editor in 0.00 ms.
Mono: successfully reloaded assembly
- Completed reload, in  1.402 seconds
Domain Reload Profiling:
	ReloadAssembly (1402ms)
		BeginReloadAssembly (198ms)
			ExecutionOrderSort (0ms)
			DisableScriptedObjects (0ms)
			BackupInstance (0ms)
			ReleaseScriptingObjects (0ms)
			CreateAndSetChildDomain (1ms)
		EndReloadAssembly (1091ms)
			LoadAssemblies (196ms)
			RebuildTransferFunctionScriptingTraits (0ms)
			SetupTypeCache (122ms)
			ReleaseScriptCaches (0ms)
			RebuildScriptCaches (40ms)
			SetupLoadedEditorAssemblies (868ms)
				LogAssemblyErrors (0ms)
				InitializePlatformSupportModulesInManaged (598ms)
				SetLoadedEditorAssemblies (0ms)
				RefreshPlugins (96ms)
				BeforeProcessingInitializeOnLoad (2ms)
				ProcessInitializeOnLoadAttributes (123ms)
				ProcessInitializeOnLoadMethodAttributes (49ms)
				AfterProcessingInitializeOnLoad (0ms)
				EditorAssembliesLoaded (0ms)
			ExecutionOrderSort2 (0ms)
			AwakeInstancesAfterBackupRestoration (0ms)
Platform modules already initialized, skipping
Registering precompiled user dll's ...
Registered in 0.004769 seconds.
Begin MonoManager ReloadAssembly
Symbol file LoadedFromMemory doesn't match image C:\Users\mzlaf\Documents\VR\VR Group Project\Library\PackageCache\com.unity.visualscripting@1.8.0\Editor\VisualScripting.Core\Dependencies\YamlDotNet\Unity.VisualScripting.YamlDotNet.dll
Symbol file LoadedFromMemory doesn't match image C:\Users\mzlaf\Documents\VR\VR Group Project\Library\PackageCache\com.unity.visualscripting@1.8.0\Editor\VisualScripting.Core\Dependencies\DotNetZip\Unity.VisualScripting.IonicZip.dll
Native extension for WindowsStandalone target not found
Native extension for Android target not found
Native extension for WebGL target not found
Refreshing native plugins compatible for Editor in 0.55 ms, found 3 plugins.
Preloading 0 native plugins for Editor in 0.00 ms.
System.Exception: Error! Visual Scripting: couldn't find visual scripting package
  at Unity.VisualScripting.PackageVersionUtility.get_version () [0x00025] in C:\Users\mzlaf\Documents\VR\VR Group Project\Library\PackageCache\com.unity.visualscripting@1.8.0\Editor\VisualScripting.Core\Utilities\PackageVersionUtility.cs:22 
  at Unity.VisualScripting.BoltCoreManifest.get_version () [0x00000] in C:\Users\mzlaf\Documents\VR\VR Group Project\Library\PackageCache\com.unity.visualscripting@1.8.0\Editor\VisualScripting.Core\Plugin\BoltCoreManifest.cs:11 
  at Unity.VisualScripting.PluginManifest.get_currentVersion () [0x00000] in C:\Users\mzlaf\Documents\VR\VR Group Project\Library\PackageCache\com.unity.visualscripting@1.8.0\Editor\VisualScripting.Core\Plugins\PluginManifest.cs:33 
  at Unity.VisualScripting.PluginManifest.get_versionMismatch () [0x00000] in C:\Users\mzlaf\Documents\VR\VR Group Project\Library\PackageCache\com.unity.visualscripting@1.8.0\Editor\VisualScripting.Core\Plugins\PluginManifest.cs:48 
  at Unity.VisualScripting.PluginContainer.Initialize () [0x0057d] in C:\Users\mzlaf\Documents\VR\VR Group Project\Library\PackageCache\com.unity.visualscripting@1.8.0\Editor\VisualScripting.Core\Plugins\PluginContainer.cs:208 
  at Unity.VisualScripting.PluginContainer.InitializeOnLoad () [0x00012] in C:\Users\mzlaf\Documents\VR\VR Group Project\Library\PackageCache\com.unity.visualscripting@1.8.0\Editor\VisualScripting.Core\Plugins\PluginContainer.cs:32 
  at Unity.VisualScripting.VSUsageUtility.DoInitializeOnLoadCalls () [0x00044] in C:\Users\mzlaf\Documents\VR\VR Group Project\Library\PackageCache\com.unity.visualscripting@1.8.0\Editor\VisualScripting.Core\Utilities\VSUsageUtility.cs:76 
  at Unity.VisualScripting.VSUsageUtility.set_isVisualScriptingUsed (System.Boolean value) [0x00037] in C:\Users\mzlaf\Documents\VR\VR Group Project\Library\PackageCache\com.unity.visualscripting@1.8.0\Editor\VisualScripting.Core\Utilities\VSUsageUtility.cs:114 
  at Unity.VisualScripting.VSUsageUtility.CheckAndSetIsVisualScriptingUsed () [0x0003f] in C:\Users\mzlaf\Documents\VR\VR Group Project\Library\PackageCache\com.unity.visualscripting@1.8.0\Editor\VisualScripting.Core\Utilities\VSUsageUtility.cs:48 
  at Unity.VisualScripting.VSUsageUtility..cctor () [0x0000d] in C:\Users\mzlaf\Documents\VR\VR Group Project\Library\PackageCache\com.unity.visualscripting@1.8.0\Editor\VisualScripting.Core\Utilities\VSUsageUtility.cs:22 
UnityEngine.StackTraceUtility:ExtractStackTrace ()
UnityEngine.DebugLogHandler:LogFormat (UnityEngine.LogType,UnityEngine.Object,string,object[])
UnityEngine.Logger:Log (UnityEngine.LogType,object)
UnityEngine.Debug:LogError (object)
UnityEditor.EditorAssemblies:ProcessInitializeOnLoadAttributes (System.Type[])

Mono: successfully reloaded assembly
- Completed reload, in  1.594 seconds
Domain Reload Profiling:
	ReloadAssembly (1595ms)
		BeginReloadAssembly (138ms)
			ExecutionOrderSort (0ms)
			DisableScriptedObjects (7ms)
			BackupInstance (0ms)
			ReleaseScriptingObjects (0ms)
			CreateAndSetChildDomain (26ms)
		EndReloadAssembly (1330ms)
			LoadAssemblies (98ms)
			RebuildTransferFunctionScriptingTraits (0ms)
			SetupTypeCache (314ms)
			ReleaseScriptCaches (1ms)
			RebuildScriptCaches (60ms)
			SetupLoadedEditorAssemblies (796ms)
				LogAssemblyErrors (0ms)
				InitializePlatformSupportModulesInManaged (22ms)
				SetLoadedEditorAssemblies (1ms)
				RefreshPlugins (1ms)
				BeforeProcessingInitializeOnLoad (84ms)
				ProcessInitializeOnLoadAttributes (663ms)
				ProcessInitializeOnLoadMethodAttributes (21ms)
				AfterProcessingInitializeOnLoad (6ms)
				EditorAssembliesLoaded (0ms)
			ExecutionOrderSort2 (0ms)
			AwakeInstancesAfterBackupRestoration (7ms)
Platform modules already initialized, skipping
========================================================================
Worker process is ready to serve import requests
Launched and connected shader compiler UnityShaderCompiler.exe after 0.08 seconds
Refreshing native plugins compatible for Editor in 0.61 ms, found 3 plugins.
Preloading 0 native plugins for Editor in 0.00 ms.
Unloading 3102 Unused Serialized files (Serialized files now loaded: 0)
Unloading 24 unused Assets / (114.8 KB). Loaded Objects now: 3566.
Memory consumption went from 117.6 MB to 117.5 MB.
Total: 14.567700 ms (FindLiveObjects: 0.225300 ms CreateObjectMapping: 0.099800 ms MarkObjects: 14.040600 ms  DeleteObjects: 0.200000 ms)

AssetImportParameters requested are different than current active one (requested -> active):
  custom:video-decoder-ogg-theora: a1e56fd34408186e4bbccfd4996cb3dc -> 
  custom:container-muxer-webm: aa71ff27fc2769a1b78a27578f13a17b -> 
  custom:container-demuxer-webm: 4f35f7cbe854078d1ac9338744f61a02 -> 
  custom:video-encoder-webm-vp8: eb34c28f22e8b96e1ab97ce403110664 -> 
  custom:video-codec-MediaFoundation-h265: 746d11721c4dcdbdad8f713fa42b33f4 -> 
  custom:audio-encoder-webm-vorbis: bf7c407c2cedff20999df2af8eb42d56 -> 
  custom:framework-win-MediaFoundation: 216162199b28c13a410421893ffa2e32 -> 
  custom:container-demuxer-ogg: 62fdf1f143b41e24485cea50d1cbac27 -> 
  custom:video-decoder-webm-vp8: 9c59270c3fd7afecdb556c50c9e8de78 -> 
  custom:audio-decoder-ogg-vorbis: bf7c407c2cedff20999df2af8eb42d56 -> 
========================================================================
Received Import Request.
  Time since last request: 387266.892829 seconds.
  path: Assets/Blockout/Models/Abstarct_Gate_2.fbx
  artifactKey: Guid(4342b1950e9d73b4c90fa471bd338f98) Importer(815301076,1909f56bfc062723c751e8b465ee728b)
Start importing Assets/Blockout/Models/Abstarct_Gate_2.fbx using Guid(4342b1950e9d73b4c90fa471bd338f98) Importer(815301076,1909f56bfc062723c751e8b465ee728b)  -> (artifact id: '02d2ce27403e813ff661f113ceae5214') in 0.412529 seconds 
========================================================================
Received Import Request.
  Time since last request: 0.000029 seconds.
  path: Assets/Blockout/Models/Block_1x4x2.fbx
  artifactKey: Guid(5ea4f45e7a7e06149abdaf8948e8ceac) Importer(815301076,1909f56bfc062723c751e8b465ee728b)
Start importing Assets/Blockout/Models/Block_1x4x2.fbx using Guid(5ea4f45e7a7e06149abdaf8948e8ceac) Importer(815301076,1909f56bfc062723c751e8b465ee728b)  -> (artifact id: '7916185fb22a106b6a426dbd0e15e80f') in 0.029528 seconds 
========================================================================
Received Import Request.
  Time since last request: 0.000035 seconds.
  path: Assets/Blockout/Models/Block_1x3x3.fbx
  artifactKey: Guid(8c86030292f20e148b74f6d401e7b76f) Importer(815301076,1909f56bfc062723c751e8b465ee728b)
Start importing Assets/Blockout/Models/Block_1x3x3.fbx using Guid(8c86030292f20e148b74f6d401e7b76f) Importer(815301076,1909f56bfc062723c751e8b465ee728b)  -> (artifact id: '9a723f3a627e566a7eaa4482425b5707') in 0.033059 seconds 
========================================================================
Received Import Request.
  Time since last request: 0.000019 seconds.
  path: Assets/Blockout/Models/Abstract_Antena_2.fbx
  artifactKey: Guid(1cc45ee5b8ee63a4a8b0b654b36ef4c6) Importer(815301076,1909f56bfc062723c751e8b465ee728b)
Start importing Assets/Blockout/Models/Abstract_Antena_2.fbx using Guid(1cc45ee5b8ee63a4a8b0b654b36ef4c6) Importer(815301076,1909f56bfc062723c751e8b465ee728b)  -> (artifact id: 'e34e1118198a99934271f34d53bea347') in 0.034241 seconds 
========================================================================
Received Import Request.
  Time since last request: 0.000021 seconds.
  path: Assets/Blockout/Models/Block_1x5x3.fbx
  artifactKey: Guid(0487f7d777b9ee744b6a832d81175548) Importer(815301076,1909f56bfc062723c751e8b465ee728b)
Start importing Assets/Blockout/Models/Block_1x5x3.fbx using Guid(0487f7d777b9ee744b6a832d81175548) Importer(815301076,1909f56bfc062723c751e8b465ee728b)  -> (artifact id: '76448f687234c27ab1397d19879338bd') in 0.034852 seconds 
========================================================================
Received Import Request.
  Time since last request: 0.000021 seconds.
  path: Assets/Blockout/Models/Block_05x3x1.fbx
  artifactKey: Guid(0c6190c15102a0b4f92c4a593b39d719) Importer(815301076,1909f56bfc062723c751e8b465ee728b)
Start importing Assets/Blockout/Models/Block_05x3x1.fbx using Guid(0c6190c15102a0b4f92c4a593b39d719) Importer(815301076,1909f56bfc062723c751e8b465ee728b)  -> (artifact id: '7159cac021ddcde2627c8c555d5defea') in 0.027061 seconds 
========================================================================
Received Import Request.
  Time since last request: 0.000025 seconds.
  path: Assets/Blockout/Models/Block_1x05x3.fbx
  artifactKey: Guid(dd599a3277a4d91408bdb0fa30230b3d) Importer(815301076,1909f56bfc062723c751e8b465ee728b)
Start importing Assets/Blockout/Models/Block_1x05x3.fbx using Guid(dd599a3277a4d91408bdb0fa30230b3d) Importer(815301076,1909f56bfc062723c751e8b465ee728b)  -> (artifact id: '2a5c421e7cf946615e6e4b04106e7310') in 0.030268 seconds 
========================================================================
Received Import Request.
  Time since last request: 0.241729 seconds.
  path: Assets/Blockout/Models/Block_05x4x05.fbx
  artifactKey: Guid(625b83d75d62fee489f6b39b91efa71f) Importer(815301076,1909f56bfc062723c751e8b465ee728b)
Start importing Assets/Blockout/Models/Block_05x4x05.fbx using Guid(625b83d75d62fee489f6b39b91efa71f) Importer(815301076,1909f56bfc062723c751e8b465ee728b)  -> (artifact id: 'f2d233cc929a3bfff21065363525e691') in 0.047089 seconds 
========================================================================
Received Import Request.
  Time since last request: 0.000023 seconds.
  path: Assets/Blockout/Models/Block_05x5x5.fbx
  artifactKey: Guid(dab4ac5386074394ba2ba14e2f270069) Importer(815301076,1909f56bfc062723c751e8b465ee728b)
Start importing Assets/Blockout/Models/Block_05x5x5.fbx using Guid(dab4ac5386074394ba2ba14e2f270069) Importer(815301076,1909f56bfc062723c751e8b465ee728b)  -> (artifact id: '6dc07095cad8266ed1d8cb18dd9c5a98') in 0.036249 seconds 
========================================================================
Received Import Request.
  Time since last request: 0.000022 seconds.
  path: Assets/Blockout/Models/Block_05x5x05.fbx
  artifactKey: Guid(040eb3333b0fd9a419169ea71f3a778e) Importer(815301076,1909f56bfc062723c751e8b465ee728b)
Start importing Assets/Blockout/Models/Block_05x5x05.fbx using Guid(040eb3333b0fd9a419169ea71f3a778e) Importer(815301076,1909f56bfc062723c751e8b465ee728b)  -> (artifact id: '12a41153dcd0d72db1697f21c819b2b3') in 0.030707 seconds 
========================================================================
Received Import Request.
  Time since last request: 0.000025 seconds.
  path: Assets/Blockout/Models/Block_05x05x05.fbx
  artifactKey: Guid(1e16261f5618a494ebfc7f69a38a1de4) Importer(815301076,1909f56bfc062723c751e8b465ee728b)
Start importing Assets/Blockout/Models/Block_05x05x05.fbx using Guid(1e16261f5618a494ebfc7f69a38a1de4) Importer(815301076,1909f56bfc062723c751e8b465ee728b)  -> (artifact id: '739b3696dea6cc91d4fcf7c3227d489b') in 0.030957 seconds 
========================================================================
Received Import Request.
  Time since last request: 0.000021 seconds.
  path: Assets/Blockout/Models/Block_Bend_05x4x1.fbx
  artifactKey: Guid(60a57d875003e7746b1509fa3fafb578) Importer(815301076,1909f56bfc062723c751e8b465ee728b)
Start importing Assets/Blockout/Models/Block_Bend_05x4x1.fbx using Guid(60a57d875003e7746b1509fa3fafb578) Importer(815301076,1909f56bfc062723c751e8b465ee728b)  -> (artifact id: '0700ce58952e261cca44341a51d113a7') in 0.027944 seconds 
========================================================================
Received Import Request.
  Time since last request: 0.000040 seconds.
  path: Assets/Blockout/Models/Block_Bend_Alt1_1x2x2.fbx
  artifactKey: Guid(6b74224fc90c4b8448ff580ab60c6da7) Importer(815301076,1909f56bfc062723c751e8b465ee728b)
Start importing Assets/Blockout/Models/Block_Bend_Alt1_1x2x2.fbx using Guid(6b74224fc90c4b8448ff580ab60c6da7) Importer(815301076,1909f56bfc062723c751e8b465ee728b)  -> (artifact id: '2555cd97db907895a563026fb3165103') in 0.030603 seconds 
========================================================================
Received Import Request.
  Time since last request: 0.000037 seconds.
  path: Assets/Blockout/Models/Block_Bend_Alt1_05x3x1.fbx
  artifactKey: Guid(6561b4b39afd85645ab46b88a1c17c18) Importer(815301076,1909f56bfc062723c751e8b465ee728b)
Start importing Assets/Blockout/Models/Block_Bend_Alt1_05x3x1.fbx using Guid(6561b4b39afd85645ab46b88a1c17c18) Importer(815301076,1909f56bfc062723c751e8b465ee728b)  -> (artifact id: 'ed86150e04c81b0d9d16688d565a827d') in 0.027093 seconds 
========================================================================
Received Import Request.
  Time since last request: 0.000022 seconds.
  path: Assets/Blockout/Models/Block_Bend_05x3x4.fbx
  artifactKey: Guid(39e5fc08e266e6744ada7bb727f352fa) Importer(815301076,1909f56bfc062723c751e8b465ee728b)
Start importing Assets/Blockout/Models/Block_Bend_05x3x4.fbx using Guid(39e5fc08e266e6744ada7bb727f352fa) Importer(815301076,1909f56bfc062723c751e8b465ee728b)  -> (artifact id: '8ee13c813797fc011612cd0c75f30dea') in 0.029785 seconds 
========================================================================
Received Import Request.
  Time since last request: 0.000038 seconds.
  path: Assets/Blockout/Models/Block_Bend_05x5x4.fbx
  artifactKey: Guid(a57206cc5e67ccd4787441caca413b41) Importer(815301076,1909f56bfc062723c751e8b465ee728b)
Start importing Assets/Blockout/Models/Block_Bend_05x5x4.fbx using Guid(a57206cc5e67ccd4787441caca413b41) Importer(815301076,1909f56bfc062723c751e8b465ee728b)  -> (artifact id: 'ae5184e3aa820c7c6b6615716ea453c0') in 0.029684 seconds 
========================================================================
Received Import Request.
  Time since last request: 0.360301 seconds.
  path: Assets/Blockout/Models/Block_Bend_Alt2_1x2x2.fbx
  artifactKey: Guid(a6512df598e06dd4a97b47b6dc805370) Importer(815301076,1909f56bfc062723c751e8b465ee728b)
Start importing Assets/Blockout/Models/Block_Bend_Alt2_1x2x2.fbx using Guid(a6512df598e06dd4a97b47b6dc805370) Importer(815301076,1909f56bfc062723c751e8b465ee728b)  -> (artifact id: 'e02a79d7add1df4c7b5da8d0c2514aa1') in 0.062411 seconds 
========================================================================
Received Import Request.
  Time since last request: 0.000022 seconds.
  path: Assets/Blockout/Models/Block_Corner_T1_1x2x1.fbx
  artifactKey: Guid(af8c0f9c319ebeb4ea8d83624eeced2f) Importer(815301076,1909f56bfc062723c751e8b465ee728b)
Start importing Assets/Blockout/Models/Block_Corner_T1_1x2x1.fbx using Guid(af8c0f9c319ebeb4ea8d83624eeced2f) Importer(815301076,1909f56bfc062723c751e8b465ee728b)  -> (artifact id: '2eeb21c939eb546253d75d2e3544ebfb') in 0.030462 seconds 
========================================================================
Received Import Request.
  Time since last request: 0.000022 seconds.
  path: Assets/Blockout/Models/Block_Corner_T1_1x1x004.fbx
  artifactKey: Guid(8023884a079d91b4788f5c9fecfbbd22) Importer(815301076,1909f56bfc062723c751e8b465ee728b)
Start importing Assets/Blockout/Models/Block_Corner_T1_1x1x004.fbx using Guid(8023884a079d91b4788f5c9fecfbbd22) Importer(815301076,1909f56bfc062723c751e8b465ee728b)  -> (artifact id: '42a4bca7d8be590ec737890e46dee1c3') in 0.036164 seconds 
========================================================================
Received Import Request.
  Time since last request: 0.000027 seconds.
  path: Assets/Blockout/Models/Block_Corner_T1_1x1x003.fbx
  artifactKey: Guid(43e7c57a0a307e44183df192c0afc0be) Importer(815301076,1909f56bfc062723c751e8b465ee728b)
Start importing Assets/Blockout/Models/Block_Corner_T1_1x1x003.fbx using Guid(43e7c57a0a307e44183df192c0afc0be) Importer(815301076,1909f56bfc062723c751e8b465ee728b)  -> (artifact id: '968fe685f916c35aa5cad481ef24a858') in 0.029195 seconds 
========================================================================
Received Import Request.
  Time since last request: 0.000029 seconds.
  path: Assets/Blockout/Models/Block_Bend_Alt2_1x3x3.fbx
  artifactKey: Guid(210053cad240cd14c9fae26e9ed7ee99) Importer(815301076,1909f56bfc062723c751e8b465ee728b)
Start importing Assets/Blockout/Models/Block_Bend_Alt2_1x3x3.fbx using Guid(210053cad240cd14c9fae26e9ed7ee99) Importer(815301076,1909f56bfc062723c751e8b465ee728b)  -> (artifact id: '377ef26e61bf64df3fe3d6be52149ad7') in 0.029120 seconds 
========================================================================
Received Import Request.
  Time since last request: 0.000034 seconds.
  path: Assets/Blockout/Models/Block_Corner_T1_1x5x1.fbx
  artifactKey: Guid(71fd16f9c39f5a5429096d2ccb49f776) Importer(815301076,1909f56bfc062723c751e8b465ee728b)
Start importing Assets/Blockout/Models/Block_Corner_T1_1x5x1.fbx using Guid(71fd16f9c39f5a5429096d2ccb49f776) Importer(815301076,1909f56bfc062723c751e8b465ee728b)  -> (artifact id: 'b26c9a2236673ac9b69227232da52749') in 0.026538 seconds 
========================================================================
Received Import Request.
  Time since last request: 0.238466 seconds.
  path: Assets/Blockout/Models/Block_Corner_T1_05x4x05.fbx
  artifactKey: Guid(b99cc57f2d6c85c4eae71e6c39c8981a) Importer(815301076,1909f56bfc062723c751e8b465ee728b)
Start importing Assets/Blockout/Models/Block_Corner_T1_05x4x05.fbx using Guid(b99cc57f2d6c85c4eae71e6c39c8981a) Importer(815301076,1909f56bfc062723c751e8b465ee728b)  -> (artifact id: '912c9edee1e4454c2e441f351b44be6d') in 0.047309 seconds 
========================================================================
Received Import Request.
  Time since last request: 0.000021 seconds.
  path: Assets/Blockout/Models/Block_Corner_T2_1x3x1.fbx
  artifactKey: Guid(a14e12bd0eacaaf429a8ca6a5972bfd3) Importer(815301076,1909f56bfc062723c751e8b465ee728b)
Start importing Assets/Blockout/Models/Block_Corner_T2_1x3x1.fbx using Guid(a14e12bd0eacaaf429a8ca6a5972bfd3) Importer(815301076,1909f56bfc062723c751e8b465ee728b)  -> (artifact id: '762ac35d03dceee092df412ef93ea026') in 0.034344 seconds 
========================================================================
Received Import Request.
  Time since last request: 0.000736 seconds.
  path: Assets/Blockout/Models/Block_Corner_T3_05x1x05.fbx
  artifactKey: Guid(9318d6132325b204d928480a6158cc9d) Importer(815301076,1909f56bfc062723c751e8b465ee728b)
Start importing Assets/Blockout/Models/Block_Corner_T3_05x1x05.fbx using Guid(9318d6132325b204d928480a6158cc9d) Importer(815301076,1909f56bfc062723c751e8b465ee728b)  -> (artifact id: '8f3f46898d6e1540feb5dab4cb406e78') in 0.030694 seconds 
========================================================================
Received Import Request.
  Time since last request: 0.000022 seconds.
  path: Assets/Blockout/Models/Block_Corner_T2_05x4x05.fbx
  artifactKey: Guid(0a4ab020edfe72548ae83d62e9412556) Importer(815301076,1909f56bfc062723c751e8b465ee728b)
Start importing Assets/Blockout/Models/Block_Corner_T2_05x4x05.fbx using Guid(0a4ab020edfe72548ae83d62e9412556) Importer(815301076,1909f56bfc062723c751e8b465ee728b)  -> (artifact id: 'd28d61bec33866f59601c949e27cec15') in 0.032566 seconds 
========================================================================
Received Import Request.
  Time since last request: 0.000024 seconds.
  path: Assets/Blockout/Models/Block_Corner_T2_05x5x05.fbx
  artifactKey: Guid(639e3aff8c41eef47abdc9ee444b3b03) Importer(815301076,1909f56bfc062723c751e8b465ee728b)
Start importing Assets/Blockout/Models/Block_Corner_T2_05x5x05.fbx using Guid(639e3aff8c41eef47abdc9ee444b3b03) Importer(815301076,1909f56bfc062723c751e8b465ee728b)  -> (artifact id: '01609a250c6e2d99c7cdf64d1802b99a') in 0.028015 seconds 
========================================================================
Received Import Request.
  Time since last request: 0.000033 seconds.
  path: Assets/Blockout/Models/Block_Corner_T3_1x1x003.fbx
  artifactKey: Guid(d3667cfa0ecfd9c458a3e06f0b755fd7) Importer(815301076,1909f56bfc062723c751e8b465ee728b)
Start importing Assets/Blockout/Models/Block_Corner_T3_1x1x003.fbx using Guid(d3667cfa0ecfd9c458a3e06f0b755fd7) Importer(815301076,1909f56bfc062723c751e8b465ee728b)  -> (artifact id: 'd81e8871fcb682d0fc18d63e20002a1b') in 0.028202 seconds 
========================================================================
Received Import Request.
  Time since last request: 0.522469 seconds.
  path: Assets/Blockout/Models/Block_Corner_T4_1x1x1.fbx
  artifactKey: Guid(c3fb786946434a14991c017c4948fac0) Importer(815301076,1909f56bfc062723c751e8b465ee728b)
Start importing Assets/Blockout/Models/Block_Corner_T4_1x1x1.fbx using Guid(c3fb786946434a14991c017c4948fac0) Importer(815301076,1909f56bfc062723c751e8b465ee728b)  -> (artifact id: '48bce835786144dbf40dcfab996b0528') in 0.054764 seconds 
========================================================================
Received Import Request.
  Time since last request: 0.000027 seconds.
  path: Assets/Blockout/Models/Block_Inner_Corner_T1_1x3x1.fbx
  artifactKey: Guid(a0a1c5d181a9fa8458fee81ef9314df2) Importer(815301076,1909f56bfc062723c751e8b465ee728b)
Start importing Assets/Blockout/Models/Block_Inner_Corner_T1_1x3x1.fbx using Guid(a0a1c5d181a9fa8458fee81ef9314df2) Importer(815301076,1909f56bfc062723c751e8b465ee728b)  -> (artifact id: 'de936e2052ce488d311bde1c8e05f152') in 0.044047 seconds 
========================================================================
Received Import Request.
  Time since last request: 0.000040 seconds.
  path: Assets/Blockout/Models/Block_Inner_Corner_T2_1x1x1.fbx
  artifactKey: Guid(f16bf2c1a7afb15419b4d982c319875b) Importer(815301076,1909f56bfc062723c751e8b465ee728b)
Start importing Assets/Blockout/Models/Block_Inner_Corner_T2_1x1x1.fbx using Guid(f16bf2c1a7afb15419b4d982c319875b) Importer(815301076,1909f56bfc062723c751e8b465ee728b)  -> (artifact id: 'ea197279c43722d5f9ee4fca9b7a8101') in 0.033393 seconds 
========================================================================
Received Import Request.
  Time since last request: 0.000021 seconds.
  path: Assets/Blockout/Models/Block_Corner_T5_1x1x1.fbx
  artifactKey: Guid(0b96e69463889ee45aff499d255aa56b) Importer(815301076,1909f56bfc062723c751e8b465ee728b)
Start importing Assets/Blockout/Models/Block_Corner_T5_1x1x1.fbx using Guid(0b96e69463889ee45aff499d255aa56b) Importer(815301076,1909f56bfc062723c751e8b465ee728b)  -> (artifact id: '741aca4b0d4b20991708754cd8ccb669') in 0.030127 seconds 
========================================================================
Received Import Request.
  Time since last request: 0.000023 seconds.
  path: Assets/Blockout/Models/Block_Corner_T4_1x3x1.fbx
  artifactKey: Guid(cf6f809feebd79043a02a9b3b41d1cca) Importer(815301076,1909f56bfc062723c751e8b465ee728b)
Start importing Assets/Blockout/Models/Block_Corner_T4_1x3x1.fbx using Guid(cf6f809feebd79043a02a9b3b41d1cca) Importer(815301076,1909f56bfc062723c751e8b465ee728b)  -> (artifact id: '18a807cc56b32aad786b8ef0c0d4efc6') in 0.032081 seconds 
========================================================================
Received Import Request.
  Time since last request: 0.000022 seconds.
  path: Assets/Blockout/Models/Block_Inner_Corner_T2_1x2x1.fbx
  artifactKey: Guid(d8140bd7d82b6bc43bc3c198645b936a) Importer(815301076,1909f56bfc062723c751e8b465ee728b)
Start importing Assets/Blockout/Models/Block_Inner_Corner_T2_1x2x1.fbx using Guid(d8140bd7d82b6bc43bc3c198645b936a) Importer(815301076,1909f56bfc062723c751e8b465ee728b)  -> (artifact id: 'a3b9eae46ba52d8f1a596792ecd3670c') in 0.028680 seconds 
========================================================================
Received Import Request.
  Time since last request: 0.504948 seconds.
  path: Assets/Blockout/Models/Block_Inner_Corner_T3_1x1x1.fbx
  artifactKey: Guid(560c436783051194088ad0aacae884fd) Importer(815301076,1909f56bfc062723c751e8b465ee728b)
Start importing Assets/Blockout/Models/Block_Inner_Corner_T3_1x1x1.fbx using Guid(560c436783051194088ad0aacae884fd) Importer(815301076,1909f56bfc062723c751e8b465ee728b)  -> (artifact id: 'cdc47736dd4085449221f1b92b62fb93') in 0.053623 seconds 
========================================================================
Received Import Request.
  Time since last request: 0.000025 seconds.
  path: Assets/Blockout/Models/Block_Pillar_T3_1x1x1.fbx
  artifactKey: Guid(04028f0c1048eda408ca12624f9b226a) Importer(815301076,1909f56bfc062723c751e8b465ee728b)
Start importing Assets/Blockout/Models/Block_Pillar_T3_1x1x1.fbx using Guid(04028f0c1048eda408ca12624f9b226a) Importer(815301076,1909f56bfc062723c751e8b465ee728b)  -> (artifact id: 'a3085e78365c4bd24ac74ac6c7bafd31') in 0.041592 seconds 
========================================================================
Received Import Request.
  Time since last request: 0.000021 seconds.
  path: Assets/Blockout/Models/Block_Pillar_T2_1x5x1.fbx
  artifactKey: Guid(502d577b9f1a7e34491bfb3c6b5011c5) Importer(815301076,1909f56bfc062723c751e8b465ee728b)
Start importing Assets/Blockout/Models/Block_Pillar_T2_1x5x1.fbx using Guid(502d577b9f1a7e34491bfb3c6b5011c5) Importer(815301076,1909f56bfc062723c751e8b465ee728b)  -> (artifact id: '927332b6411312ec96aada0a2b1a7a33') in 0.037256 seconds 
========================================================================
Received Import Request.
  Time since last request: 0.000020 seconds.
  path: Assets/Blockout/Models/Block_Inner_Corner_T3_1x5x1.fbx
  artifactKey: Guid(3f85a8ce6c55dd549b49fb38eaaeab93) Importer(815301076,1909f56bfc062723c751e8b465ee728b)
Start importing Assets/Blockout/Models/Block_Inner_Corner_T3_1x5x1.fbx using Guid(3f85a8ce6c55dd549b49fb38eaaeab93) Importer(815301076,1909f56bfc062723c751e8b465ee728b)  -> (artifact id: '23e1c5ade224de8e6eab8562065145e3') in 0.033643 seconds 
========================================================================
Received Import Request.
  Time since last request: 0.000024 seconds.
  path: Assets/Blockout/Models/Block_Pillar_T1_1x5x1.fbx
  artifactKey: Guid(8f17648c8a484c54d80f0ecd6a8eefe8) Importer(815301076,1909f56bfc062723c751e8b465ee728b)
Start importing Assets/Blockout/Models/Block_Pillar_T1_1x5x1.fbx using Guid(8f17648c8a484c54d80f0ecd6a8eefe8) Importer(815301076,1909f56bfc062723c751e8b465ee728b)  -> (artifact id: '4e89efa7a462be92f3ad1a84d5676dd2') in 0.024649 seconds 
========================================================================
Received Import Request.
  Time since last request: 0.000030 seconds.
  path: Assets/Blockout/Models/Block_Inner_Corner_T3_1x3x1.fbx
  artifactKey: Guid(8d9d8404da8389e43ba0ac2ffc923c96) Importer(815301076,1909f56bfc062723c751e8b465ee728b)
Start importing Assets/Blockout/Models/Block_Inner_Corner_T3_1x3x1.fbx using Guid(8d9d8404da8389e43ba0ac2ffc923c96) Importer(815301076,1909f56bfc062723c751e8b465ee728b)  -> (artifact id: '7e7322b6edee6a5338ecff8f3dcd232b') in 0.031611 seconds 
========================================================================
Received Import Request.
  Time since last request: 0.612379 seconds.
  path: Assets/Blockout/Models/Block_Pillar_T3_1x5x1.fbx
  artifactKey: Guid(a769b4c2930503f42ba541b4f2029c28) Importer(815301076,1909f56bfc062723c751e8b465ee728b)
Start importing Assets/Blockout/Models/Block_Pillar_T3_1x5x1.fbx using Guid(a769b4c2930503f42ba541b4f2029c28) Importer(815301076,1909f56bfc062723c751e8b465ee728b)  -> (artifact id: '1b7e8c261286c5a54f04b38c349e5a9b') in 0.048367 seconds 
========================================================================
Received Import Request.
  Time since last request: 0.000022 seconds.
  path: Assets/Blockout/Models/Block_Piramid_T1_2x1x2.fbx
  artifactKey: Guid(850c10ed46ddeba4d812221a9b27d05e) Importer(815301076,1909f56bfc062723c751e8b465ee728b)
Start importing Assets/Blockout/Models/Block_Piramid_T1_2x1x2.fbx using Guid(850c10ed46ddeba4d812221a9b27d05e) Importer(815301076,1909f56bfc062723c751e8b465ee728b)  -> (artifact id: '358fd24d52ae725a1bd7e9a1b0098d44') in 0.035999 seconds 
========================================================================
Received Import Request.
  Time since last request: 0.000023 seconds.
  path: Assets/Blockout/Models/Block_Piramid_T1_1x1x1.fbx
  artifactKey: Guid(b99517fa80f8c4f4f872f03957bc59fd) Importer(815301076,1909f56bfc062723c751e8b465ee728b)
Start importing Assets/Blockout/Models/Block_Piramid_T1_1x1x1.fbx using Guid(b99517fa80f8c4f4f872f03957bc59fd) Importer(815301076,1909f56bfc062723c751e8b465ee728b)  -> (artifact id: '7fcebefe00d5d82712e53f89af1cb976') in 0.038795 seconds 
Editor requested this worker to shutdown with reason: Scaling down because of idle timeout
AssetImportWorker is now disconnected from the server
Process exiting
Exiting without the bug reporter. Application will terminate with return code 0